Timing Analyzer report for ProjetoFinal
Sun Jun 19 17:46:41 2022
Quartus Prime Version 20.1.1 Build 720 11/11/2020 Patches 1.02i SJ Lite Edition


---------------------
; Table of Contents ;
---------------------
  1. Legal Notice
  2. Timing Analyzer Summary
  3. Parallel Compilation
  4. Clocks
  5. Slow 1200mV 85C Model Fmax Summary
  6. Slow 1200mV 85C Model Setup Summary
  7. Slow 1200mV 85C Model Hold Summary
  8. Slow 1200mV 85C Model Recovery Summary
  9. Slow 1200mV 85C Model Removal Summary
 10. Slow 1200mV 85C Model Minimum Pulse Width Summary
 11. Slow 1200mV 85C Model Metastability Summary
 12. Slow 1200mV 0C Model Fmax Summary
 13. Slow 1200mV 0C Model Setup Summary
 14. Slow 1200mV 0C Model Hold Summary
 15. Slow 1200mV 0C Model Recovery Summary
 16. Slow 1200mV 0C Model Removal Summary
 17. Slow 1200mV 0C Model Minimum Pulse Width Summary
 18. Slow 1200mV 0C Model Metastability Summary
 19. Fast 1200mV 0C Model Setup Summary
 20. Fast 1200mV 0C Model Hold Summary
 21. Fast 1200mV 0C Model Recovery Summary
 22. Fast 1200mV 0C Model Removal Summary
 23. Fast 1200mV 0C Model Minimum Pulse Width Summary
 24. Fast 1200mV 0C Model Metastability Summary
 25. Multicorner Timing Analysis Summary
 26. Board Trace Model Assignments
 27. Input Transition Times
 28. Signal Integrity Metrics (Slow 1200mv 0c Model)
 29. Signal Integrity Metrics (Slow 1200mv 85c Model)
 30. Signal Integrity Metrics (Fast 1200mv 0c Model)
 31. Setup Transfers
 32. Hold Transfers
 33. Recovery Transfers
 34. Removal Transfers
 35. Report TCCS
 36. Report RSKM
 37. Unconstrained Paths Summary
 38. Clock Status Summary
 39. Unconstrained Input Ports
 40. Unconstrained Output Ports
 41. Unconstrained Input Ports
 42. Unconstrained Output Ports
 43. Timing Analyzer Messages



----------------
; Legal Notice ;
----------------
Copyright (C) 2020  Intel Corporation. All rights reserved.
Your use of Intel Corporation's design tools, logic functions 
and other software and tools, and any partner logic 
functions, and any output files from any of the foregoing 
(including device programming or simulation files), and any 
associated documentation or information are expressly subject 
to the terms and conditions of the Intel Program License 
Subscription Agreement, the Intel Quartus Prime License Agreement,
the Intel FPGA IP License Agreement, or other applicable license
agreement, including, without limitation, that your use is for
the sole purpose of programming logic devices manufactured by
Intel and sold by Intel or its authorized distributors.  Please
refer to the applicable agreement for further details, at
https://fpgasoftware.intel.com/eula.



+-------------------------------------------------------------------------------------------+
; Timing Analyzer Summary                                                                   ;
+-----------------------+-------------------------------------------------------------------+
; Quartus Prime Version ; Version 20.1.1 Build 720 11/11/2020 Patches 1.02i SJ Lite Edition ;
; Timing Analyzer       ; Legacy Timing Analyzer                                            ;
; Revision Name         ; ProjetoFinal                                                      ;
; Device Family         ; MAX 10                                                            ;
; Device Name           ; 10M50DAF484C6GES                                                  ;
; Timing Models         ; Preliminary                                                       ;
; Delay Model           ; Combined                                                          ;
; Rise/Fall Delays      ; Enabled                                                           ;
+-----------------------+-------------------------------------------------------------------+


+------------------------------------------+
; Parallel Compilation                     ;
+----------------------------+-------------+
; Processors                 ; Number      ;
+----------------------------+-------------+
; Number detected on machine ; 16          ;
; Maximum allowed            ; 16          ;
;                            ;             ;
; Average used               ; 1.14        ;
; Maximum used               ; 16          ;
;                            ;             ;
; Usage by Processor         ; % Time Used ;
;     Processor 1            ; 100.0%      ;
;     Processors 2-16        ;   0.9%      ;
+----------------------------+-------------+


+--------------------------------------------------------------------------------------------------------------------------------------------------------------------------------------------------------------------------------------------------------------------------------------------------+
; Clocks                                                                                                                                                                                                                                                                                           ;
+-----------------------------------------------------------------+------+--------+------------+-------+-------+------------+-----------+-------------+-------+--------+-----------+------------+----------+--------+--------+---------------------------------------------------------------------+
; Clock Name                                                      ; Type ; Period ; Frequency  ; Rise  ; Fall  ; Duty Cycle ; Divide by ; Multiply by ; Phase ; Offset ; Edge List ; Edge Shift ; Inverted ; Master ; Source ; Targets                                                             ;
+-----------------------------------------------------------------+------+--------+------------+-------+-------+------------+-----------+-------------+-------+--------+-----------+------------+----------+--------+--------+---------------------------------------------------------------------+
; CLKDIV:clkDIV0|tmp                                              ; Base ; 1.000  ; 1000.0 MHz ; 0.000 ; 0.500 ;            ;           ;             ;       ;        ;           ;            ;          ;        ;        ; { CLKDIV:clkDIV0|tmp }                                              ;
; KeyDecode:kdecode|KeyControl:kcontrol|CurrentState.STATE_SAVING ; Base ; 1.000  ; 1000.0 MHz ; 0.000 ; 0.500 ;            ;           ;             ;       ;        ;           ;            ;          ;        ;        ; { KeyDecode:kdecode|KeyControl:kcontrol|CurrentState.STATE_SAVING } ;
; MCLK                                                            ; Base ; 1.000  ; 1000.0 MHz ; 0.000 ; 0.500 ;            ;           ;             ;       ;        ;           ;            ;          ;        ;        ; { MCLK }                                                            ;
; RXclk                                                           ; Base ; 1.000  ; 1000.0 MHz ; 0.000 ; 0.500 ;            ;           ;             ;       ;        ;           ;            ;          ;        ;        ; { RXclk }                                                           ;
+-----------------------------------------------------------------+------+--------+------------+-------+-------+------------+-----------+-------------+-------+--------+-----------+------------+----------+--------+--------+---------------------------------------------------------------------+


+-------------------------------------------------------------------------------------------------------------------+
; Slow 1200mV 85C Model Fmax Summary                                                                                ;
+------------+-----------------+--------------------+---------------------------------------------------------------+
; Fmax       ; Restricted Fmax ; Clock Name         ; Note                                                          ;
+------------+-----------------+--------------------+---------------------------------------------------------------+
; 235.35 MHz ; 235.35 MHz      ; MCLK               ;                                                               ;
; 479.85 MHz ; 450.05 MHz      ; CLKDIV:clkDIV0|tmp ; limit due to minimum period restriction (tmin)                ;
; 930.23 MHz ; 250.0 MHz       ; RXclk              ; limit due to minimum period restriction (max I/O toggle rate) ;
+------------+-----------------+--------------------+---------------------------------------------------------------+
This panel reports FMAX for every clock in the design, regardless of the user-specified clock periods.  FMAX is only computed for paths where the source and destination registers or ports are driven by the same clock.  Paths of different clocks, including generated clocks, are ignored.  For paths between a clock and its inversion, FMAX is computed as if the rising and falling edges are scaled along with FMAX, such that the duty cycle (in terms of a percentage) is maintained. Altera recommends that you always use clock constraints and other slack reports for sign-off analysis.


+---------------------------------------------+
; Slow 1200mV 85C Model Setup Summary         ;
+--------------------+--------+---------------+
; Clock              ; Slack  ; End Point TNS ;
+--------------------+--------+---------------+
; MCLK               ; -3.249 ; -55.676       ;
; CLKDIV:clkDIV0|tmp ; -1.081 ; -3.386        ;
; RXclk              ; -0.228 ; -0.627        ;
+--------------------+--------+---------------+


+--------------------------------------------+
; Slow 1200mV 85C Model Hold Summary         ;
+--------------------+-------+---------------+
; Clock              ; Slack ; End Point TNS ;
+--------------------+-------+---------------+
; RXclk              ; 0.324 ; 0.000         ;
; CLKDIV:clkDIV0|tmp ; 0.325 ; 0.000         ;
; MCLK               ; 0.545 ; 0.000         ;
+--------------------+-------+---------------+


+----------------------------------------+
; Slow 1200mV 85C Model Recovery Summary ;
+-------+--------+-----------------------+
; Clock ; Slack  ; End Point TNS         ;
+-------+--------+-----------------------+
; RXclk ; -0.447 ; -1.341                ;
+-------+--------+-----------------------+


+---------------------------------------+
; Slow 1200mV 85C Model Removal Summary ;
+-------+-------+-----------------------+
; Clock ; Slack ; End Point TNS         ;
+-------+-------+-----------------------+
; RXclk ; 0.839 ; 0.000                 ;
+-------+-------+-----------------------+


+------------------------------------------------------------------------------------------+
; Slow 1200mV 85C Model Minimum Pulse Width Summary                                        ;
+-----------------------------------------------------------------+--------+---------------+
; Clock                                                           ; Slack  ; End Point TNS ;
+-----------------------------------------------------------------+--------+---------------+
; MCLK                                                            ; -3.000 ; -51.880       ;
; RXclk                                                           ; -3.000 ; -6.666        ;
; CLKDIV:clkDIV0|tmp                                              ; -1.222 ; -7.332        ;
; KeyDecode:kdecode|KeyControl:kcontrol|CurrentState.STATE_SAVING ; -1.222 ; -2.444        ;
+-----------------------------------------------------------------+--------+---------------+


-----------------------------------------------
; Slow 1200mV 85C Model Metastability Summary ;
-----------------------------------------------
No synchronizer chains to report.


+--------------------------------------------------------------------------------------------------------------------+
; Slow 1200mV 0C Model Fmax Summary                                                                                  ;
+-------------+-----------------+--------------------+---------------------------------------------------------------+
; Fmax        ; Restricted Fmax ; Clock Name         ; Note                                                          ;
+-------------+-----------------+--------------------+---------------------------------------------------------------+
; 259.27 MHz  ; 250.0 MHz       ; MCLK               ; limit due to minimum period restriction (max I/O toggle rate) ;
; 511.25 MHz  ; 450.05 MHz      ; CLKDIV:clkDIV0|tmp ; limit due to minimum period restriction (tmin)                ;
; 1020.41 MHz ; 250.0 MHz       ; RXclk              ; limit due to minimum period restriction (max I/O toggle rate) ;
+-------------+-----------------+--------------------+---------------------------------------------------------------+
This panel reports FMAX for every clock in the design, regardless of the user-specified clock periods.  FMAX is only computed for paths where the source and destination registers or ports are driven by the same clock.  Paths of different clocks, including generated clocks, are ignored.  For paths between a clock and its inversion, FMAX is computed as if the rising and falling edges are scaled along with FMAX, such that the duty cycle (in terms of a percentage) is maintained. Altera recommends that you always use clock constraints and other slack reports for sign-off analysis.


+---------------------------------------------+
; Slow 1200mV 0C Model Setup Summary          ;
+--------------------+--------+---------------+
; Clock              ; Slack  ; End Point TNS ;
+--------------------+--------+---------------+
; MCLK               ; -2.857 ; -46.837       ;
; CLKDIV:clkDIV0|tmp ; -0.885 ; -2.792        ;
; RXclk              ; -0.124 ; -0.315        ;
+--------------------+--------+---------------+


+--------------------------------------------+
; Slow 1200mV 0C Model Hold Summary          ;
+--------------------+-------+---------------+
; Clock              ; Slack ; End Point TNS ;
+--------------------+-------+---------------+
; RXclk              ; 0.294 ; 0.000         ;
; CLKDIV:clkDIV0|tmp ; 0.295 ; 0.000         ;
; MCLK               ; 0.501 ; 0.000         ;
+--------------------+-------+---------------+


+---------------------------------------+
; Slow 1200mV 0C Model Recovery Summary ;
+-------+--------+----------------------+
; Clock ; Slack  ; End Point TNS        ;
+-------+--------+----------------------+
; RXclk ; -0.321 ; -0.963               ;
+-------+--------+----------------------+


+--------------------------------------+
; Slow 1200mV 0C Model Removal Summary ;
+-------+-------+----------------------+
; Clock ; Slack ; End Point TNS        ;
+-------+-------+----------------------+
; RXclk ; 0.776 ; 0.000                ;
+-------+-------+----------------------+


+------------------------------------------------------------------------------------------+
; Slow 1200mV 0C Model Minimum Pulse Width Summary                                         ;
+-----------------------------------------------------------------+--------+---------------+
; Clock                                                           ; Slack  ; End Point TNS ;
+-----------------------------------------------------------------+--------+---------------+
; MCLK                                                            ; -3.000 ; -51.880       ;
; RXclk                                                           ; -3.000 ; -6.666        ;
; CLKDIV:clkDIV0|tmp                                              ; -1.222 ; -7.332        ;
; KeyDecode:kdecode|KeyControl:kcontrol|CurrentState.STATE_SAVING ; -1.222 ; -2.444        ;
+-----------------------------------------------------------------+--------+---------------+


----------------------------------------------
; Slow 1200mV 0C Model Metastability Summary ;
----------------------------------------------
No synchronizer chains to report.


+---------------------------------------------+
; Fast 1200mV 0C Model Setup Summary          ;
+--------------------+--------+---------------+
; Clock              ; Slack  ; End Point TNS ;
+--------------------+--------+---------------+
; MCLK               ; -1.092 ; -8.830        ;
; CLKDIV:clkDIV0|tmp ; -0.383 ; -0.383        ;
; RXclk              ; 0.388  ; 0.000         ;
+--------------------+--------+---------------+


+--------------------------------------------+
; Fast 1200mV 0C Model Hold Summary          ;
+--------------------+-------+---------------+
; Clock              ; Slack ; End Point TNS ;
+--------------------+-------+---------------+
; RXclk              ; 0.148 ; 0.000         ;
; CLKDIV:clkDIV0|tmp ; 0.149 ; 0.000         ;
; MCLK               ; 0.220 ; 0.000         ;
+--------------------+-------+---------------+


+---------------------------------------+
; Fast 1200mV 0C Model Recovery Summary ;
+-------+-------+-----------------------+
; Clock ; Slack ; End Point TNS         ;
+-------+-------+-----------------------+
; RXclk ; 0.269 ; 0.000                 ;
+-------+-------+-----------------------+


+--------------------------------------+
; Fast 1200mV 0C Model Removal Summary ;
+-------+-------+----------------------+
; Clock ; Slack ; End Point TNS        ;
+-------+-------+----------------------+
; RXclk ; 0.366 ; 0.000                ;
+-------+-------+----------------------+


+------------------------------------------------------------------------------------------+
; Fast 1200mV 0C Model Minimum Pulse Width Summary                                         ;
+-----------------------------------------------------------------+--------+---------------+
; Clock                                                           ; Slack  ; End Point TNS ;
+-----------------------------------------------------------------+--------+---------------+
; MCLK                                                            ; -3.000 ; -44.319       ;
; RXclk                                                           ; -3.000 ; -6.099        ;
; CLKDIV:clkDIV0|tmp                                              ; -1.000 ; -6.000        ;
; KeyDecode:kdecode|KeyControl:kcontrol|CurrentState.STATE_SAVING ; -1.000 ; -2.000        ;
+-----------------------------------------------------------------+--------+---------------+


----------------------------------------------
; Fast 1200mV 0C Model Metastability Summary ;
----------------------------------------------
No synchronizer chains to report.


+-------------------------------------------------------------------------------------------------------------------------------+
; Multicorner Timing Analysis Summary                                                                                           ;
+------------------------------------------------------------------+---------+-------+----------+---------+---------------------+
; Clock                                                            ; Setup   ; Hold  ; Recovery ; Removal ; Minimum Pulse Width ;
+------------------------------------------------------------------+---------+-------+----------+---------+---------------------+
; Worst-case Slack                                                 ; -3.249  ; 0.148 ; -0.447   ; 0.366   ; -3.000              ;
;  CLKDIV:clkDIV0|tmp                                              ; -1.081  ; 0.149 ; N/A      ; N/A     ; -1.222              ;
;  KeyDecode:kdecode|KeyControl:kcontrol|CurrentState.STATE_SAVING ; N/A     ; N/A   ; N/A      ; N/A     ; -1.222              ;
;  MCLK                                                            ; -3.249  ; 0.220 ; N/A      ; N/A     ; -3.000              ;
;  RXclk                                                           ; -0.228  ; 0.148 ; -0.447   ; 0.366   ; -3.000              ;
; Design-wide TNS                                                  ; -59.689 ; 0.0   ; -1.341   ; 0.0     ; -68.322             ;
;  CLKDIV:clkDIV0|tmp                                              ; -3.386  ; 0.000 ; N/A      ; N/A     ; -7.332              ;
;  KeyDecode:kdecode|KeyControl:kcontrol|CurrentState.STATE_SAVING ; N/A     ; N/A   ; N/A      ; N/A     ; -2.444              ;
;  MCLK                                                            ; -55.676 ; 0.000 ; N/A      ; N/A     ; -51.880             ;
;  RXclk                                                           ; -0.627  ; 0.000 ; -1.341   ; 0.000   ; -6.666              ;
+------------------------------------------------------------------+---------+-------+----------+---------+---------------------+


+------------------------------------------------------------------------------------------------------------------------------------------------------------------------------------------------------------------------------------------------------------------------------------------------------------------------------------------------------------------------------------------------------------------+
; Board Trace Model Assignments                                                                                                                                                                                                                                                                                                                                                                                    ;
+---------------+--------------+-------------------+-------------------------+-------------------------+---------------+---------------------+----------------+------------------+--------+------------------+------------------------+------------------------+--------------+---------------+-----------------+-------+---------------------+--------------------+---------------+-----------------+-------------+
; Pin           ; I/O Standard ; Near Tline Length ; Near Tline L per Length ; Near Tline C per Length ; Near Series R ; Near Differential R ; Near Pull-up R ; Near Pull-down R ; Near C ; Far Tline Length ; Far Tline L per Length ; Far Tline C per Length ; Far Series R ; Far Pull-up R ; Far Pull-down R ; Far C ; Termination Voltage ; Far Differential R ; EBD File Name ; EBD Signal Name ; EBD Far-end ;
+---------------+--------------+-------------------+-------------------------+-------------------------+---------------+---------------------+----------------+------------------+--------+------------------+------------------------+------------------------+--------------+---------------+-----------------+-------+---------------------+--------------------+---------------+-----------------+-------------+
; KEYPAD_COL[0] ; 2.5 V        ; 0 in              ; 0 H/in                  ; 0 F/in                  ; short         ; -                   ; open           ; open             ; open   ; 0 in             ; 0 H/in                 ; 0 F/in                 ; short        ; open          ; open            ; open  ; 0 V                 ; -                  ; n/a           ; n/a             ; n/a         ;
; KEYPAD_COL[1] ; 2.5 V        ; 0 in              ; 0 H/in                  ; 0 F/in                  ; short         ; -                   ; open           ; open             ; open   ; 0 in             ; 0 H/in                 ; 0 F/in                 ; short        ; open          ; open            ; open  ; 0 V                 ; -                  ; n/a           ; n/a             ; n/a         ;
; KEYPAD_COL[2] ; 2.5 V        ; 0 in              ; 0 H/in                  ; 0 F/in                  ; short         ; -                   ; open           ; open             ; open   ; 0 in             ; 0 H/in                 ; 0 F/in                 ; short        ; open          ; open            ; open  ; 0 V                 ; -                  ; n/a           ; n/a             ; n/a         ;
; TXD           ; 2.5 V        ; 0 in              ; 0 H/in                  ; 0 F/in                  ; short         ; -                   ; open           ; open             ; open   ; 0 in             ; 0 H/in                 ; 0 F/in                 ; short        ; open          ; open            ; open  ; 0 V                 ; -                  ; n/a           ; n/a             ; n/a         ;
; ~ALTERA_TDO~  ; 2.5 V        ; 0 in              ; 0 H/in                  ; 0 F/in                  ; short         ; -                   ; open           ; open             ; open   ; 0 in             ; 0 H/in                 ; 0 F/in                 ; short        ; open          ; open            ; open  ; 0 V                 ; -                  ; n/a           ; n/a             ; n/a         ;
+---------------+--------------+-------------------+-------------------------+-------------------------+---------------+---------------------+----------------+------------------+--------+------------------+------------------------+------------------------+--------------+---------------+-----------------+-------+---------------------+--------------------+---------------+-----------------+-------------+


+---------------------------------------------------------------------------------+
; Input Transition Times                                                          ;
+---------------------+-----------------------+-----------------+-----------------+
; Pin                 ; I/O Standard          ; 10-90 Rise Time ; 90-10 Fall Time ;
+---------------------+-----------------------+-----------------+-----------------+
; Clr                 ; 2.5 V                 ; 2000 ps         ; 2000 ps         ;
; MCLK                ; 2.5 V                 ; 2000 ps         ; 2000 ps         ;
; RXclk               ; 2.5 V                 ; 2000 ps         ; 2000 ps         ;
; KEYPAD_LIN[2]       ; 2.5 V                 ; 2000 ps         ; 2000 ps         ;
; KEYPAD_LIN[3]       ; 2.5 V                 ; 2000 ps         ; 2000 ps         ;
; KEYPAD_LIN[0]       ; 2.5 V                 ; 2000 ps         ; 2000 ps         ;
; KEYPAD_LIN[1]       ; 2.5 V                 ; 2000 ps         ; 2000 ps         ;
; ~ALTERA_TMS~        ; 2.5 V Schmitt Trigger ; 2000 ps         ; 2000 ps         ;
; ~ALTERA_TCK~        ; 2.5 V Schmitt Trigger ; 2000 ps         ; 2000 ps         ;
; ~ALTERA_TDI~        ; 2.5 V Schmitt Trigger ; 2000 ps         ; 2000 ps         ;
; ~ALTERA_CONFIG_SEL~ ; 2.5 V                 ; 2000 ps         ; 2000 ps         ;
; ~ALTERA_nCONFIG~    ; 2.5 V Schmitt Trigger ; 2000 ps         ; 2000 ps         ;
; ~ALTERA_nSTATUS~    ; 2.5 V Schmitt Trigger ; 2000 ps         ; 2000 ps         ;
; ~ALTERA_CONF_DONE~  ; 2.5 V Schmitt Trigger ; 2000 ps         ; 2000 ps         ;
+---------------------+-----------------------+-----------------+-----------------+


+--------------------------------------------------------------------------------------------------------------------------------------------------------------------------------------------------------------------------------------------------------------------------------------------------------------------------------------------------------------------------------------------------------------------------------------------------------------------------------------------------------------------------------------------------------------------------------------------------------------------------------------------------------------------------------------------+
; Signal Integrity Metrics (Slow 1200mv 0c Model)                                                                                                                                                                                                                                                                                                                                                                                                                                                                                                                                                                                                                                            ;
+---------------+--------------+---------------------+---------------------+------------------------------+------------------------------+---------------------+---------------------+--------------------------------------+--------------------------------------+-----------------------------+-----------------------------+----------------------------+----------------------------+-----------------------------+-----------------------------+--------------------+--------------------+-------------------------------------+-------------------------------------+----------------------------+----------------------------+---------------------------+---------------------------+
; Pin           ; I/O Standard ; Board Delay on Rise ; Board Delay on Fall ; Steady State Voh at FPGA Pin ; Steady State Vol at FPGA Pin ; Voh Max at FPGA Pin ; Vol Min at FPGA Pin ; Ringback Voltage on Rise at FPGA Pin ; Ringback Voltage on Fall at FPGA Pin ; 10-90 Rise Time at FPGA Pin ; 90-10 Fall Time at FPGA Pin ; Monotonic Rise at FPGA Pin ; Monotonic Fall at FPGA Pin ; Steady State Voh at Far-end ; Steady State Vol at Far-end ; Voh Max at Far-end ; Vol Min at Far-end ; Ringback Voltage on Rise at Far-end ; Ringback Voltage on Fall at Far-end ; 10-90 Rise Time at Far-end ; 90-10 Fall Time at Far-end ; Monotonic Rise at Far-end ; Monotonic Fall at Far-end ;
+---------------+--------------+---------------------+---------------------+------------------------------+------------------------------+---------------------+---------------------+--------------------------------------+--------------------------------------+-----------------------------+-----------------------------+----------------------------+----------------------------+-----------------------------+-----------------------------+--------------------+--------------------+-------------------------------------+-------------------------------------+----------------------------+----------------------------+---------------------------+---------------------------+
; KEYPAD_COL[0] ; 2.5 V        ; 0 s                 ; 0 s                 ; 2.32 V                       ; 1.17e-08 V                   ; 2.42 V              ; -0.0607 V           ; 0.271 V                              ; 0.095 V                              ; 2.93e-10 s                  ; 3.92e-10 s                  ; No                         ; Yes                        ; 2.32 V                      ; 1.17e-08 V                  ; 2.42 V             ; -0.0607 V          ; 0.271 V                             ; 0.095 V                             ; 2.93e-10 s                 ; 3.92e-10 s                 ; No                        ; Yes                       ;
; KEYPAD_COL[1] ; 2.5 V        ; 0 s                 ; 0 s                 ; 2.32 V                       ; 1.17e-08 V                   ; 2.42 V              ; -0.0619 V           ; 0.272 V                              ; 0.096 V                              ; 2.93e-10 s                  ; 3.92e-10 s                  ; No                         ; Yes                        ; 2.32 V                      ; 1.17e-08 V                  ; 2.42 V             ; -0.0619 V          ; 0.272 V                             ; 0.096 V                             ; 2.93e-10 s                 ; 3.92e-10 s                 ; No                        ; Yes                       ;
; KEYPAD_COL[2] ; 2.5 V        ; 0 s                 ; 0 s                 ; 2.32 V                       ; 1.17e-08 V                   ; 2.42 V              ; -0.0619 V           ; 0.272 V                              ; 0.096 V                              ; 2.93e-10 s                  ; 3.92e-10 s                  ; No                         ; Yes                        ; 2.32 V                      ; 1.17e-08 V                  ; 2.42 V             ; -0.0619 V          ; 0.272 V                             ; 0.096 V                             ; 2.93e-10 s                 ; 3.92e-10 s                 ; No                        ; Yes                       ;
; TXD           ; 2.5 V        ; 0 s                 ; 0 s                 ; 2.32 V                       ; 1.17e-08 V                   ; 2.41 V              ; -0.055 V            ; 0.154 V                              ; 0.113 V                              ; 4.49e-10 s                  ; 4.14e-10 s                  ; No                         ; Yes                        ; 2.32 V                      ; 1.17e-08 V                  ; 2.41 V             ; -0.055 V           ; 0.154 V                             ; 0.113 V                             ; 4.49e-10 s                 ; 4.14e-10 s                 ; No                        ; Yes                       ;
; ~ALTERA_TDO~  ; 2.5 V        ; 0 s                 ; 0 s                 ; 2.32 V                       ; 1.97e-08 V                   ; 2.4 V               ; -0.023 V            ; 0.201 V                              ; 0.081 V                              ; 4.59e-10 s                  ; 5.51e-10 s                  ; No                         ; Yes                        ; 2.32 V                      ; 1.97e-08 V                  ; 2.4 V              ; -0.023 V           ; 0.201 V                             ; 0.081 V                             ; 4.59e-10 s                 ; 5.51e-10 s                 ; No                        ; Yes                       ;
+---------------+--------------+---------------------+---------------------+------------------------------+------------------------------+---------------------+---------------------+--------------------------------------+--------------------------------------+-----------------------------+-----------------------------+----------------------------+----------------------------+-----------------------------+-----------------------------+--------------------+--------------------+-------------------------------------+-------------------------------------+----------------------------+----------------------------+---------------------------+---------------------------+


+--------------------------------------------------------------------------------------------------------------------------------------------------------------------------------------------------------------------------------------------------------------------------------------------------------------------------------------------------------------------------------------------------------------------------------------------------------------------------------------------------------------------------------------------------------------------------------------------------------------------------------------------------------------------------------------------+
; Signal Integrity Metrics (Slow 1200mv 85c Model)                                                                                                                                                                                                                                                                                                                                                                                                                                                                                                                                                                                                                                           ;
+---------------+--------------+---------------------+---------------------+------------------------------+------------------------------+---------------------+---------------------+--------------------------------------+--------------------------------------+-----------------------------+-----------------------------+----------------------------+----------------------------+-----------------------------+-----------------------------+--------------------+--------------------+-------------------------------------+-------------------------------------+----------------------------+----------------------------+---------------------------+---------------------------+
; Pin           ; I/O Standard ; Board Delay on Rise ; Board Delay on Fall ; Steady State Voh at FPGA Pin ; Steady State Vol at FPGA Pin ; Voh Max at FPGA Pin ; Vol Min at FPGA Pin ; Ringback Voltage on Rise at FPGA Pin ; Ringback Voltage on Fall at FPGA Pin ; 10-90 Rise Time at FPGA Pin ; 90-10 Fall Time at FPGA Pin ; Monotonic Rise at FPGA Pin ; Monotonic Fall at FPGA Pin ; Steady State Voh at Far-end ; Steady State Vol at Far-end ; Voh Max at Far-end ; Vol Min at Far-end ; Ringback Voltage on Rise at Far-end ; Ringback Voltage on Fall at Far-end ; 10-90 Rise Time at Far-end ; 90-10 Fall Time at Far-end ; Monotonic Rise at Far-end ; Monotonic Fall at Far-end ;
+---------------+--------------+---------------------+---------------------+------------------------------+------------------------------+---------------------+---------------------+--------------------------------------+--------------------------------------+-----------------------------+-----------------------------+----------------------------+----------------------------+-----------------------------+-----------------------------+--------------------+--------------------+-------------------------------------+-------------------------------------+----------------------------+----------------------------+---------------------------+---------------------------+
; KEYPAD_COL[0] ; 2.5 V        ; 0 s                 ; 0 s                 ; 2.32 V                       ; 1.79e-06 V                   ; 2.38 V              ; -0.041 V            ; 0.145 V                              ; 0.14 V                               ; 4.54e-10 s                  ; 4.3e-10 s                   ; No                         ; Yes                        ; 2.32 V                      ; 1.79e-06 V                  ; 2.38 V             ; -0.041 V           ; 0.145 V                             ; 0.14 V                              ; 4.54e-10 s                 ; 4.3e-10 s                  ; No                        ; Yes                       ;
; KEYPAD_COL[1] ; 2.5 V        ; 0 s                 ; 0 s                 ; 2.32 V                       ; 1.79e-06 V                   ; 2.38 V              ; -0.0389 V           ; 0.145 V                              ; 0.139 V                              ; 4.54e-10 s                  ; 4.3e-10 s                   ; No                         ; Yes                        ; 2.32 V                      ; 1.79e-06 V                  ; 2.38 V             ; -0.0389 V          ; 0.145 V                             ; 0.139 V                             ; 4.54e-10 s                 ; 4.3e-10 s                  ; No                        ; Yes                       ;
; KEYPAD_COL[2] ; 2.5 V        ; 0 s                 ; 0 s                 ; 2.32 V                       ; 1.79e-06 V                   ; 2.38 V              ; -0.0389 V           ; 0.145 V                              ; 0.139 V                              ; 4.54e-10 s                  ; 4.3e-10 s                   ; No                         ; Yes                        ; 2.32 V                      ; 1.79e-06 V                  ; 2.38 V             ; -0.0389 V          ; 0.145 V                             ; 0.139 V                             ; 4.54e-10 s                 ; 4.3e-10 s                  ; No                        ; Yes                       ;
; TXD           ; 2.5 V        ; 0 s                 ; 0 s                 ; 2.32 V                       ; 1.79e-06 V                   ; 2.38 V              ; -0.0362 V           ; 0.184 V                              ; 0.2 V                                ; 4.76e-10 s                  ; 4.71e-10 s                  ; Yes                        ; Yes                        ; 2.32 V                      ; 1.79e-06 V                  ; 2.38 V             ; -0.0362 V          ; 0.184 V                             ; 0.2 V                               ; 4.76e-10 s                 ; 4.71e-10 s                 ; Yes                       ; Yes                       ;
; ~ALTERA_TDO~  ; 2.5 V        ; 0 s                 ; 0 s                 ; 2.32 V                       ; 3.04e-06 V                   ; 2.37 V              ; -0.0108 V           ; 0.13 V                               ; 0.066 V                              ; 6.32e-10 s                  ; 6.45e-10 s                  ; No                         ; Yes                        ; 2.32 V                      ; 3.04e-06 V                  ; 2.37 V             ; -0.0108 V          ; 0.13 V                              ; 0.066 V                             ; 6.32e-10 s                 ; 6.45e-10 s                 ; No                        ; Yes                       ;
+---------------+--------------+---------------------+---------------------+------------------------------+------------------------------+---------------------+---------------------+--------------------------------------+--------------------------------------+-----------------------------+-----------------------------+----------------------------+----------------------------+-----------------------------+-----------------------------+--------------------+--------------------+-------------------------------------+-------------------------------------+----------------------------+----------------------------+---------------------------+---------------------------+


+--------------------------------------------------------------------------------------------------------------------------------------------------------------------------------------------------------------------------------------------------------------------------------------------------------------------------------------------------------------------------------------------------------------------------------------------------------------------------------------------------------------------------------------------------------------------------------------------------------------------------------------------------------------------------------------------+
; Signal Integrity Metrics (Fast 1200mv 0c Model)                                                                                                                                                                                                                                                                                                                                                                                                                                                                                                                                                                                                                                            ;
+---------------+--------------+---------------------+---------------------+------------------------------+------------------------------+---------------------+---------------------+--------------------------------------+--------------------------------------+-----------------------------+-----------------------------+----------------------------+----------------------------+-----------------------------+-----------------------------+--------------------+--------------------+-------------------------------------+-------------------------------------+----------------------------+----------------------------+---------------------------+---------------------------+
; Pin           ; I/O Standard ; Board Delay on Rise ; Board Delay on Fall ; Steady State Voh at FPGA Pin ; Steady State Vol at FPGA Pin ; Voh Max at FPGA Pin ; Vol Min at FPGA Pin ; Ringback Voltage on Rise at FPGA Pin ; Ringback Voltage on Fall at FPGA Pin ; 10-90 Rise Time at FPGA Pin ; 90-10 Fall Time at FPGA Pin ; Monotonic Rise at FPGA Pin ; Monotonic Fall at FPGA Pin ; Steady State Voh at Far-end ; Steady State Vol at Far-end ; Voh Max at Far-end ; Vol Min at Far-end ; Ringback Voltage on Rise at Far-end ; Ringback Voltage on Fall at Far-end ; 10-90 Rise Time at Far-end ; 90-10 Fall Time at Far-end ; Monotonic Rise at Far-end ; Monotonic Fall at Far-end ;
+---------------+--------------+---------------------+---------------------+------------------------------+------------------------------+---------------------+---------------------+--------------------------------------+--------------------------------------+-----------------------------+-----------------------------+----------------------------+----------------------------+-----------------------------+-----------------------------+--------------------+--------------------+-------------------------------------+-------------------------------------+----------------------------+----------------------------+---------------------------+---------------------------+
; KEYPAD_COL[0] ; 2.5 V        ; 0 s                 ; 0 s                 ; 2.62 V                       ; 9.94e-08 V                   ; 2.78 V              ; -0.0444 V           ; 0.25 V                               ; 0.107 V                              ; 2.67e-10 s                  ; 2.75e-10 s                  ; No                         ; Yes                        ; 2.62 V                      ; 9.94e-08 V                  ; 2.78 V             ; -0.0444 V          ; 0.25 V                              ; 0.107 V                             ; 2.67e-10 s                 ; 2.75e-10 s                 ; No                        ; Yes                       ;
; KEYPAD_COL[1] ; 2.5 V        ; 0 s                 ; 0 s                 ; 2.62 V                       ; 9.95e-08 V                   ; 2.78 V              ; -0.0452 V           ; 0.248 V                              ; 0.108 V                              ; 2.67e-10 s                  ; 2.75e-10 s                  ; No                         ; Yes                        ; 2.62 V                      ; 9.95e-08 V                  ; 2.78 V             ; -0.0452 V          ; 0.248 V                             ; 0.108 V                             ; 2.67e-10 s                 ; 2.75e-10 s                 ; No                        ; Yes                       ;
; KEYPAD_COL[2] ; 2.5 V        ; 0 s                 ; 0 s                 ; 2.62 V                       ; 9.95e-08 V                   ; 2.78 V              ; -0.0452 V           ; 0.248 V                              ; 0.108 V                              ; 2.67e-10 s                  ; 2.75e-10 s                  ; No                         ; Yes                        ; 2.62 V                      ; 9.95e-08 V                  ; 2.78 V             ; -0.0452 V          ; 0.248 V                             ; 0.108 V                             ; 2.67e-10 s                 ; 2.75e-10 s                 ; No                        ; Yes                       ;
; TXD           ; 2.5 V        ; 0 s                 ; 0 s                 ; 2.62 V                       ; 9.94e-08 V                   ; 2.77 V              ; -0.0485 V           ; 0.289 V                              ; 0.058 V                              ; 2.81e-10 s                  ; 3.04e-10 s                  ; No                         ; Yes                        ; 2.62 V                      ; 9.94e-08 V                  ; 2.77 V             ; -0.0485 V          ; 0.289 V                             ; 0.058 V                             ; 2.81e-10 s                 ; 3.04e-10 s                 ; No                        ; Yes                       ;
; ~ALTERA_TDO~  ; 2.5 V        ; 0 s                 ; 0 s                 ; 2.62 V                       ; 1.68e-07 V                   ; 2.73 V              ; -0.0395 V           ; 0.361 V                              ; 0.109 V                              ; 3.1e-10 s                   ; 4.41e-10 s                  ; No                         ; Yes                        ; 2.62 V                      ; 1.68e-07 V                  ; 2.73 V             ; -0.0395 V          ; 0.361 V                             ; 0.109 V                             ; 3.1e-10 s                  ; 4.41e-10 s                 ; No                        ; Yes                       ;
+---------------+--------------+---------------------+---------------------+------------------------------+------------------------------+---------------------+---------------------+--------------------------------------+--------------------------------------+-----------------------------+-----------------------------+----------------------------+----------------------------+-----------------------------+-----------------------------+--------------------+--------------------+-------------------------------------+-------------------------------------+----------------------------+----------------------------+---------------------------+---------------------------+


+----------------------------------------------------------------------------------------------------------------------------------+
; Setup Transfers                                                                                                                  ;
+-----------------------------------------------------------------+--------------------+----------+----------+----------+----------+
; From Clock                                                      ; To Clock           ; RR Paths ; FR Paths ; RF Paths ; FF Paths ;
+-----------------------------------------------------------------+--------------------+----------+----------+----------+----------+
; CLKDIV:clkDIV0|tmp                                              ; CLKDIV:clkDIV0|tmp ; 8        ; 0        ; 2        ; 3        ;
; KeyDecode:kdecode|KeyControl:kcontrol|CurrentState.STATE_SAVING ; CLKDIV:clkDIV0|tmp ; 1        ; 1        ; 0        ; 0        ;
; MCLK                                                            ; CLKDIV:clkDIV0|tmp ; 3        ; 0        ; 0        ; 0        ;
; CLKDIV:clkDIV0|tmp                                              ; MCLK               ; 4        ; 3        ; 0        ; 0        ;
; KeyDecode:kdecode|KeyControl:kcontrol|CurrentState.STATE_SAVING ; MCLK               ; 2        ; 0        ; 0        ; 0        ;
; MCLK                                                            ; MCLK               ; 953      ; 0        ; 0        ; 0        ;
; RXclk                                                           ; MCLK               ; 6        ; 0        ; 0        ; 0        ;
; MCLK                                                            ; RXclk              ; 3        ; 0        ; 0        ; 0        ;
; RXclk                                                           ; RXclk              ; 6        ; 0        ; 0        ; 0        ;
+-----------------------------------------------------------------+--------------------+----------+----------+----------+----------+
Entries labeled "false path" only account for clock-to-clock false paths and not path-based false paths. As a result, actual path counts may be lower than reported.


+----------------------------------------------------------------------------------------------------------------------------------+
; Hold Transfers                                                                                                                   ;
+-----------------------------------------------------------------+--------------------+----------+----------+----------+----------+
; From Clock                                                      ; To Clock           ; RR Paths ; FR Paths ; RF Paths ; FF Paths ;
+-----------------------------------------------------------------+--------------------+----------+----------+----------+----------+
; CLKDIV:clkDIV0|tmp                                              ; CLKDIV:clkDIV0|tmp ; 8        ; 0        ; 2        ; 3        ;
; KeyDecode:kdecode|KeyControl:kcontrol|CurrentState.STATE_SAVING ; CLKDIV:clkDIV0|tmp ; 1        ; 1        ; 0        ; 0        ;
; MCLK                                                            ; CLKDIV:clkDIV0|tmp ; 3        ; 0        ; 0        ; 0        ;
; CLKDIV:clkDIV0|tmp                                              ; MCLK               ; 4        ; 3        ; 0        ; 0        ;
; KeyDecode:kdecode|KeyControl:kcontrol|CurrentState.STATE_SAVING ; MCLK               ; 2        ; 0        ; 0        ; 0        ;
; MCLK                                                            ; MCLK               ; 953      ; 0        ; 0        ; 0        ;
; RXclk                                                           ; MCLK               ; 6        ; 0        ; 0        ; 0        ;
; MCLK                                                            ; RXclk              ; 3        ; 0        ; 0        ; 0        ;
; RXclk                                                           ; RXclk              ; 6        ; 0        ; 0        ; 0        ;
+-----------------------------------------------------------------+--------------------+----------+----------+----------+----------+
Entries labeled "false path" only account for clock-to-clock false paths and not path-based false paths. As a result, actual path counts may be lower than reported.


+-------------------------------------------------------------------+
; Recovery Transfers                                                ;
+------------+----------+----------+----------+----------+----------+
; From Clock ; To Clock ; RR Paths ; FR Paths ; RF Paths ; FF Paths ;
+------------+----------+----------+----------+----------+----------+
; MCLK       ; RXclk    ; 3        ; 0        ; 0        ; 0        ;
+------------+----------+----------+----------+----------+----------+
Entries labeled "false path" only account for clock-to-clock false paths and not path-based false paths. As a result, actual path counts may be lower than reported.


+-------------------------------------------------------------------+
; Removal Transfers                                                 ;
+------------+----------+----------+----------+----------+----------+
; From Clock ; To Clock ; RR Paths ; FR Paths ; RF Paths ; FF Paths ;
+------------+----------+----------+----------+----------+----------+
; MCLK       ; RXclk    ; 3        ; 0        ; 0        ; 0        ;
+------------+----------+----------+----------+----------+----------+
Entries labeled "false path" only account for clock-to-clock false paths and not path-based false paths. As a result, actual path counts may be lower than reported.


---------------
; Report TCCS ;
---------------
No dedicated SERDES Transmitter circuitry present in device or used in design


---------------
; Report RSKM ;
---------------
No non-DPA dedicated SERDES Receiver circuitry present in device or used in design


+------------------------------------------------+
; Unconstrained Paths Summary                    ;
+---------------------------------+-------+------+
; Property                        ; Setup ; Hold ;
+---------------------------------+-------+------+
; Illegal Clocks                  ; 0     ; 0    ;
; Unconstrained Clocks            ; 0     ; 0    ;
; Unconstrained Input Ports       ; 5     ; 5    ;
; Unconstrained Input Port Paths  ; 32    ; 32   ;
; Unconstrained Output Ports      ; 4     ; 4    ;
; Unconstrained Output Port Paths ; 14    ; 14   ;
+---------------------------------+-------+------+


+--------------------------------------------------------------------------------------------------------------------------------------------------------+
; Clock Status Summary                                                                                                                                   ;
+-----------------------------------------------------------------+-----------------------------------------------------------------+------+-------------+
; Target                                                          ; Clock                                                           ; Type ; Status      ;
+-----------------------------------------------------------------+-----------------------------------------------------------------+------+-------------+
; CLKDIV:clkDIV0|tmp                                              ; CLKDIV:clkDIV0|tmp                                              ; Base ; Constrained ;
; KeyDecode:kdecode|KeyControl:kcontrol|CurrentState.STATE_SAVING ; KeyDecode:kdecode|KeyControl:kcontrol|CurrentState.STATE_SAVING ; Base ; Constrained ;
; MCLK                                                            ; MCLK                                                            ; Base ; Constrained ;
; RXclk                                                           ; RXclk                                                           ; Base ; Constrained ;
+-----------------------------------------------------------------+-----------------------------------------------------------------+------+-------------+


+------------------------------------------------------------------------------------------------------+
; Unconstrained Input Ports                                                                            ;
+---------------+--------------------------------------------------------------------------------------+
; Input Port    ; Comment                                                                              ;
+---------------+--------------------------------------------------------------------------------------+
; Clr           ; No input delay, min/max delays, false-path exceptions, or max skew assignments found ;
; KEYPAD_LIN[0] ; No input delay, min/max delays, false-path exceptions, or max skew assignments found ;
; KEYPAD_LIN[1] ; No input delay, min/max delays, false-path exceptions, or max skew assignments found ;
; KEYPAD_LIN[2] ; No input delay, min/max delays, false-path exceptions, or max skew assignments found ;
; KEYPAD_LIN[3] ; No input delay, min/max delays, false-path exceptions, or max skew assignments found ;
+---------------+--------------------------------------------------------------------------------------+


+-------------------------------------------------------------------------------------------------------+
; Unconstrained Output Ports                                                                            ;
+---------------+---------------------------------------------------------------------------------------+
; Output Port   ; Comment                                                                               ;
+---------------+---------------------------------------------------------------------------------------+
; KEYPAD_COL[0] ; No output delay, min/max delays, false-path exceptions, or max skew assignments found ;
; KEYPAD_COL[1] ; No output delay, min/max delays, false-path exceptions, or max skew assignments found ;
; KEYPAD_COL[2] ; No output delay, min/max delays, false-path exceptions, or max skew assignments found ;
; TXD           ; No output delay, min/max delays, false-path exceptions, or max skew assignments found ;
+---------------+---------------------------------------------------------------------------------------+


+------------------------------------------------------------------------------------------------------+
; Unconstrained Input Ports                                                                            ;
+---------------+--------------------------------------------------------------------------------------+
; Input Port    ; Comment                                                                              ;
+---------------+--------------------------------------------------------------------------------------+
; Clr           ; No input delay, min/max delays, false-path exceptions, or max skew assignments found ;
; KEYPAD_LIN[0] ; No input delay, min/max delays, false-path exceptions, or max skew assignments found ;
; KEYPAD_LIN[1] ; No input delay, min/max delays, false-path exceptions, or max skew assignments found ;
; KEYPAD_LIN[2] ; No input delay, min/max delays, false-path exceptions, or max skew assignments found ;
; KEYPAD_LIN[3] ; No input delay, min/max delays, false-path exceptions, or max skew assignments found ;
+---------------+--------------------------------------------------------------------------------------+


+-------------------------------------------------------------------------------------------------------+
; Unconstrained Output Ports                                                                            ;
+---------------+---------------------------------------------------------------------------------------+
; Output Port   ; Comment                                                                               ;
+---------------+---------------------------------------------------------------------------------------+
; KEYPAD_COL[0] ; No output delay, min/max delays, false-path exceptions, or max skew assignments found ;
; KEYPAD_COL[1] ; No output delay, min/max delays, false-path exceptions, or max skew assignments found ;
; KEYPAD_COL[2] ; No output delay, min/max delays, false-path exceptions, or max skew assignments found ;
; TXD           ; No output delay, min/max delays, false-path exceptions, or max skew assignments found ;
+---------------+---------------------------------------------------------------------------------------+


+--------------------------+
; Timing Analyzer Messages ;
+--------------------------+
Info: *******************************************************************
Info: Running Quartus Prime Timing Analyzer
    Info: Version 20.1.1 Build 720 11/11/2020 Patches 1.02i SJ Lite Edition
    Info: Processing started: Sun Jun 19 17:46:39 2022
Info: Command: quartus_sta ProjetoFinal -c ProjetoFinal
Info: qsta_default_script.tcl version: #1
Warning (18236): Number of processors has not been specified which may cause overloading on shared machines.  Set the global assignment NUM_PARALLEL_PROCESSORS in your QSF to an appropriate value for best performance.
Info (20030): Parallel compilation is enabled and will use 16 of the 16 processors detected
Info (21077): Low junction temperature is 0 degrees C
Info (21077): High junction temperature is 85 degrees C
Critical Warning (332012): Synopsys Design Constraints File file not found: 'ProjetoFinal.sdc'. A Synopsys Design Constraints File is required by the Timing Analyzer to get proper timing constraints. Without it, the Compiler will not properly optimize the design.
Info (332142): No user constrained base clocks found in the design. Calling "derive_clocks -period 1.0"
Info (332105): Deriving Clocks
    Info (332105): create_clock -period 1.000 -name MCLK MCLK
    Info (332105): create_clock -period 1.000 -name CLKDIV:clkDIV0|tmp CLKDIV:clkDIV0|tmp
    Info (332105): create_clock -period 1.000 -name RXclk RXclk
    Info (332105): create_clock -period 1.000 -name KeyDecode:kdecode|KeyControl:kcontrol|CurrentState.STATE_SAVING KeyDecode:kdecode|KeyControl:kcontrol|CurrentState.STATE_SAVING
Info (332143): No user constrained clock uncertainty found in the design. Calling "derive_clock_uncertainty"
Info (332123): Deriving Clock Uncertainty. Please refer to report_sdc in the Timing Analyzer to see clock uncertainties.
Info: Found TIMING_ANALYZER_REPORT_SCRIPT_INCLUDE_DEFAULT_ANALYSIS = ON
Info: Analyzing Slow 1200mV 85C Model
Info: Can't run Report Timing Closure Recommendations. The current device family is not supported.
Critical Warning (332148): Timing requirements not met
Info (332146): Worst-case setup slack is -3.249
    Info (332119):     Slack       End Point TNS Clock 
    Info (332119): ========= =================== =====================
    Info (332119):    -3.249             -55.676 MCLK 
    Info (332119):    -1.081              -3.386 CLKDIV:clkDIV0|tmp 
    Info (332119):    -0.228              -0.627 RXclk 
Info (332146): Worst-case hold slack is 0.324
    Info (332119):     Slack       End Point TNS Clock 
    Info (332119): ========= =================== =====================
    Info (332119):     0.324               0.000 RXclk 
    Info (332119):     0.325               0.000 CLKDIV:clkDIV0|tmp 
    Info (332119):     0.545               0.000 MCLK 
Info (332146): Worst-case recovery slack is -0.447
    Info (332119):     Slack       End Point TNS Clock 
    Info (332119): ========= =================== =====================
    Info (332119):    -0.447              -1.341 RXclk 
Info (332146): Worst-case removal slack is 0.839
    Info (332119):     Slack       End Point TNS Clock 
    Info (332119): ========= =================== =====================
    Info (332119):     0.839               0.000 RXclk 
Info (332146): Worst-case minimum pulse width slack is -3.000
    Info (332119):     Slack       End Point TNS Clock 
    Info (332119): ========= =================== =====================
    Info (332119):    -3.000             -51.880 MCLK 
    Info (332119):    -3.000              -6.666 RXclk 
    Info (332119):    -1.222              -7.332 CLKDIV:clkDIV0|tmp 
    Info (332119):    -1.222              -2.444 KeyDecode:kdecode|KeyControl:kcontrol|CurrentState.STATE_SAVING 
Info: Analyzing Slow 1200mV 0C Model
Info (334003): Started post-fitting delay annotation
Warning (334000): Timing characteristics of device 10M50DAF484C6GES are preliminary
Info (334004): Delay annotation completed successfully
Info (332123): Deriving Clock Uncertainty. Please refer to report_sdc in the Timing Analyzer to see clock uncertainties.
Critical Warning (332148): Timing requirements not met
Info (332146): Worst-case setup slack is -2.857
    Info (332119):     Slack       End Point TNS Clock 
    Info (332119): ========= =================== =====================
    Info (332119):    -2.857             -46.837 MCLK 
    Info (332119):    -0.885              -2.792 CLKDIV:clkDIV0|tmp 
    Info (332119):    -0.124              -0.315 RXclk 
Info (332146): Worst-case hold slack is 0.294
    Info (332119):     Slack       End Point TNS Clock 
    Info (332119): ========= =================== =====================
    Info (332119):     0.294               0.000 RXclk 
    Info (332119):     0.295               0.000 CLKDIV:clkDIV0|tmp 
    Info (332119):     0.501               0.000 MCLK 
Info (332146): Worst-case recovery slack is -0.321
    Info (332119):     Slack       End Point TNS Clock 
    Info (332119): ========= =================== =====================
    Info (332119):    -0.321              -0.963 RXclk 
Info (332146): Worst-case removal slack is 0.776
    Info (332119):     Slack       End Point TNS Clock 
    Info (332119): ========= =================== =====================
    Info (332119):     0.776               0.000 RXclk 
Info (332146): Worst-case minimum pulse width slack is -3.000
    Info (332119):     Slack       End Point TNS Clock 
    Info (332119): ========= =================== =====================
    Info (332119):    -3.000             -51.880 MCLK 
    Info (332119):    -3.000              -6.666 RXclk 
    Info (332119):    -1.222              -7.332 CLKDIV:clkDIV0|tmp 
    Info (332119):    -1.222              -2.444 KeyDecode:kdecode|KeyControl:kcontrol|CurrentState.STATE_SAVING 
Info: Analyzing Fast 1200mV 0C Model
Info (332123): Deriving Clock Uncertainty. Please refer to report_sdc in the Timing Analyzer to see clock uncertainties.
Critical Warning (332148): Timing requirements not met
Info (332146): Worst-case setup slack is -1.092
    Info (332119):     Slack       End Point TNS Clock 
    Info (332119): ========= =================== =====================
    Info (332119):    -1.092              -8.830 MCLK 
    Info (332119):    -0.383              -0.383 CLKDIV:clkDIV0|tmp 
    Info (332119):     0.388               0.000 RXclk 
Info (332146): Worst-case hold slack is 0.148
    Info (332119):     Slack       End Point TNS Clock 
    Info (332119): ========= =================== =====================
    Info (332119):     0.148               0.000 RXclk 
    Info (332119):     0.149               0.000 CLKDIV:clkDIV0|tmp 
    Info (332119):     0.220               0.000 MCLK 
Info (332146): Worst-case recovery slack is 0.269
    Info (332119):     Slack       End Point TNS Clock 
    Info (332119): ========= =================== =====================
    Info (332119):     0.269               0.000 RXclk 
Info (332146): Worst-case removal slack is 0.366
    Info (332119):     Slack       End Point TNS Clock 
    Info (332119): ========= =================== =====================
    Info (332119):     0.366               0.000 RXclk 
Info (332146): Worst-case minimum pulse width slack is -3.000
    Info (332119):     Slack       End Point TNS Clock 
    Info (332119): ========= =================== =====================
    Info (332119):    -3.000             -44.319 MCLK 
    Info (332119):    -3.000              -6.099 RXclk 
    Info (332119):    -1.000              -6.000 CLKDIV:clkDIV0|tmp 
    Info (332119):    -1.000              -2.000 KeyDecode:kdecode|KeyControl:kcontrol|CurrentState.STATE_SAVING 
Info (332102): Design is not fully constrained for setup requirements
Info (332102): Design is not fully constrained for hold requirements
Info: Quartus Prime Timing Analyzer was successful. 0 errors, 6 warnings
    Info: Peak virtual memory: 4966 megabytes
    Info: Processing ended: Sun Jun 19 17:46:41 2022
    Info: Elapsed time: 00:00:02
    Info: Total CPU time (on all processors): 00:00:02


