Flow report for ProjetoFinal
Mon Jun 06 12:58:57 2022
Quartus Prime Version 20.1.1 Build 720 11/11/2020 Patches 1.02i SJ Lite Edition


---------------------
; Table of Contents ;
---------------------
  1. Legal Notice
  2. Flow Summary
  3. Flow Settings
  4. Flow Non-Default Global Settings
  5. Flow Elapsed Time
  6. Flow OS Summary
  7. Flow Log
  8. Flow Messages
  9. Flow Suppressed Messages



----------------
; Legal Notice ;
----------------
Copyright (C) 2020  Intel Corporation. All rights reserved.
Your use of Intel Corporation's design tools, logic functions 
and other software and tools, and any partner logic 
functions, and any output files from any of the foregoing 
(including device programming or simulation files), and any 
associated documentation or information are expressly subject 
to the terms and conditions of the Intel Program License 
Subscription Agreement, the Intel Quartus Prime License Agreement,
the Intel FPGA IP License Agreement, or other applicable license
agreement, including, without limitation, that your use is for
the sole purpose of programming logic devices manufactured by
Intel and sold by Intel or its authorized distributors.  Please
refer to the applicable agreement for further details, at
https://fpgasoftware.intel.com/eula.



+------------------------------------------------------------------------------------------------+
; Flow Summary                                                                                   ;
+------------------------------------+-----------------------------------------------------------+
; Flow Status                        ; Successful - Mon Jun 06 12:58:57 2022                     ;
; Quartus Prime Version              ; 20.1.1 Build 720 11/11/2020 Patches 1.02i SJ Lite Edition ;
; Revision Name                      ; ProjetoFinal                                              ;
; Top-level Entity Name              ; KeyControl                                                ;
; Family                             ; MAX 10                                                    ;
; Device                             ; 10M50DAF484C6GES                                          ;
; Timing Models                      ; Preliminary                                               ;
; Total logic elements               ; 5 / 49,760 ( < 1 % )                                      ;
;     Total combinational functions  ; 5 / 49,760 ( < 1 % )                                      ;
;     Dedicated logic registers      ; 4 / 49,760 ( < 1 % )                                      ;
; Total registers                    ; 4                                                         ;
; Total pins                         ; 7 / 360 ( 2 % )                                           ;
; Total virtual pins                 ; 0                                                         ;
; Total memory bits                  ; 0 / 1,677,312 ( 0 % )                                     ;
; Embedded Multiplier 9-bit elements ; 0 / 288 ( 0 % )                                           ;
; Total PLLs                         ; 0 / 4 ( 0 % )                                             ;
; UFM blocks                         ; 0 / 1 ( 0 % )                                             ;
; ADC blocks                         ; 0 / 2 ( 0 % )                                             ;
+------------------------------------+-----------------------------------------------------------+


+-----------------------------------------+
; Flow Settings                           ;
+-------------------+---------------------+
; Option            ; Setting             ;
+-------------------+---------------------+
; Start date & time ; 06/06/2022 12:58:14 ;
; Main task         ; Compilation         ;
; Revision Name     ; ProjetoFinal        ;
+-------------------+---------------------+


+-------------------------------------------------------------------------------------------------------------------------+
; Flow Non-Default Global Settings                                                                                        ;
+-------------------------------------+----------------------------------------+---------------+-------------+------------+
; Assignment Name                     ; Value                                  ; Default Value ; Entity Name ; Section Id ;
+-------------------------------------+----------------------------------------+---------------+-------------+------------+
; COMPILER_SIGNATURE_ID               ; 1097160266733.165451669407328          ; --            ; --          ; --         ;
; EDA_SIMULATION_TOOL                 ; ModelSim-Altera (VHDL)                 ; <None>        ; --          ; --         ;
; MAX_CORE_JUNCTION_TEMP              ; 85                                     ; --            ; --          ; --         ;
; MIN_CORE_JUNCTION_TEMP              ; 0                                      ; --            ; --          ; --         ;
; PARTITION_COLOR                     ; -- (Not supported for targeted family) ; --            ; KeyControl  ; Top        ;
; PARTITION_FITTER_PRESERVATION_LEVEL ; -- (Not supported for targeted family) ; --            ; KeyControl  ; Top        ;
; PARTITION_NETLIST_TYPE              ; -- (Not supported for targeted family) ; --            ; KeyControl  ; Top        ;
; POWER_BOARD_THERMAL_MODEL           ; None (CONSERVATIVE)                    ; --            ; --          ; --         ;
; POWER_PRESET_COOLING_SOLUTION       ; 23 MM HEAT SINK WITH 200 LFPM AIRFLOW  ; --            ; --          ; --         ;
; TOP_LEVEL_ENTITY                    ; KeyControl                             ; ProjetoFinal  ; --          ; --         ;
+-------------------------------------+----------------------------------------+---------------+-------------+------------+


+--------------------------------------------------------------------------------------------------------------------------+
; Flow Elapsed Time                                                                                                        ;
+----------------------+--------------+-------------------------+---------------------+------------------------------------+
; Module Name          ; Elapsed Time ; Average Processors Used ; Peak Virtual Memory ; Total CPU Time (on all processors) ;
+----------------------+--------------+-------------------------+---------------------+------------------------------------+
; Analysis & Synthesis ; 00:00:14     ; 1.0                     ; 4855 MB             ; 00:00:37                           ;
; Fitter               ; 00:00:15     ; 1.0                     ; 6597 MB             ; 00:00:23                           ;
; Assembler            ; 00:00:05     ; 1.0                     ; 4687 MB             ; 00:00:05                           ;
; Timing Analyzer      ; 00:00:03     ; 1.1                     ; 4967 MB             ; 00:00:03                           ;
; EDA Netlist Writer   ; 00:00:01     ; 1.0                     ; 4651 MB             ; 00:00:01                           ;
; Total                ; 00:00:38     ; --                      ; --                  ; 00:01:09                           ;
+----------------------+--------------+-------------------------+---------------------+------------------------------------+


+------------------------------------------------------------------------------------+
; Flow OS Summary                                                                    ;
+----------------------+------------------+------------+------------+----------------+
; Module Name          ; Machine Hostname ; OS Name    ; OS Version ; Processor type ;
+----------------------+------------------+------------+------------+----------------+
; Analysis & Synthesis ; LAPTOP-880RMKM3  ; Windows 10 ; 10.0       ; x86_64         ;
; Fitter               ; LAPTOP-880RMKM3  ; Windows 10 ; 10.0       ; x86_64         ;
; Assembler            ; LAPTOP-880RMKM3  ; Windows 10 ; 10.0       ; x86_64         ;
; Timing Analyzer      ; LAPTOP-880RMKM3  ; Windows 10 ; 10.0       ; x86_64         ;
; EDA Netlist Writer   ; LAPTOP-880RMKM3  ; Windows 10 ; 10.0       ; x86_64         ;
+----------------------+------------------+------------+------------+----------------+


------------
; Flow Log ;
------------
quartus_map --read_settings_files=on --write_settings_files=off ProjetoFinal -c ProjetoFinal
quartus_fit --read_settings_files=off --write_settings_files=off ProjetoFinal -c ProjetoFinal
quartus_asm --read_settings_files=off --write_settings_files=off ProjetoFinal -c ProjetoFinal
quartus_sta ProjetoFinal -c ProjetoFinal
quartus_eda --read_settings_files=off --write_settings_files=off ProjetoFinal -c ProjetoFinal



