Analysis & Synthesis report for ProjetoFinal
Wed May 04 17:45:22 2022
Quartus Prime Version 20.1.1 Build 720 11/11/2020 Patches 1.02i SJ Lite Edition


---------------------
; Table of Contents ;
---------------------
  1. Legal Notice
  2. Analysis & Synthesis Summary
  3. Analysis & Synthesis Settings
  4. Parallel Compilation
  5. Analysis & Synthesis Source Files Read
  6. Analysis & Synthesis Resource Usage Summary
  7. Analysis & Synthesis Resource Utilization by Entity
  8. Analysis & Synthesis IP Cores Summary
  9. State Machine - |VendingMachine|IOS:IOScomp|Dispatcher:Disp|CurrentState
 10. State Machine - |VendingMachine|IOS:IOScomp|SerialReceiver:serialR|SerialControl:serialC|CurrentState
 11. General Register Statistics
 12. Inverted Register Statistics
 13. Parameter Settings for User Entity Instance: UsbPort:USBconn|sld_virtual_jtag:b2v_inst
 14. Port Connectivity Checks: "IOS:IOScomp|SerialReceiver:serialR|ShiftRegister:ShiftRegister0|FFD:UFFD9"
 15. Port Connectivity Checks: "IOS:IOScomp|SerialReceiver:serialR|ShiftRegister:ShiftRegister0|FFD:UFFD8"
 16. Port Connectivity Checks: "IOS:IOScomp|SerialReceiver:serialR|ShiftRegister:ShiftRegister0|FFD:UFFD7"
 17. Port Connectivity Checks: "IOS:IOScomp|SerialReceiver:serialR|ShiftRegister:ShiftRegister0|FFD:UFFD6"
 18. Port Connectivity Checks: "IOS:IOScomp|SerialReceiver:serialR|ShiftRegister:ShiftRegister0|FFD:UFFD5"
 19. Port Connectivity Checks: "IOS:IOScomp|SerialReceiver:serialR|ShiftRegister:ShiftRegister0|FFD:UFFD4"
 20. Port Connectivity Checks: "IOS:IOScomp|SerialReceiver:serialR|ShiftRegister:ShiftRegister0|FFD:UFFD3"
 21. Port Connectivity Checks: "IOS:IOScomp|SerialReceiver:serialR|ShiftRegister:ShiftRegister0|FFD:UFFD2"
 22. Port Connectivity Checks: "IOS:IOScomp|SerialReceiver:serialR|ShiftRegister:ShiftRegister0|FFD:UFFD1"
 23. Port Connectivity Checks: "IOS:IOScomp|SerialReceiver:serialR|ShiftRegister:ShiftRegister0|FFD:UFFD0"
 24. Port Connectivity Checks: "IOS:IOScomp|SerialReceiver:serialR|ParityCheck:ParityCheck0|FFD:UFFD0"
 25. Port Connectivity Checks: "IOS:IOScomp|SerialReceiver:serialR|Counter:Counter0"
 26. Port Connectivity Checks: "IOS:IOScomp"
 27. Port Connectivity Checks: "UsbPort:USBconn"
 28. Virtual JTAG Settings
 29. Post-Synthesis Netlist Statistics for Top Partition
 30. Elapsed Time Per Partition
 31. Analysis & Synthesis Messages



----------------
; Legal Notice ;
----------------
Copyright (C) 2020  Intel Corporation. All rights reserved.
Your use of Intel Corporation's design tools, logic functions 
and other software and tools, and any partner logic 
functions, and any output files from any of the foregoing 
(including device programming or simulation files), and any 
associated documentation or information are expressly subject 
to the terms and conditions of the Intel Program License 
Subscription Agreement, the Intel Quartus Prime License Agreement,
the Intel FPGA IP License Agreement, or other applicable license
agreement, including, without limitation, that your use is for
the sole purpose of programming logic devices manufactured by
Intel and sold by Intel or its authorized distributors.  Please
refer to the applicable agreement for further details, at
https://fpgasoftware.intel.com/eula.



+------------------------------------------------------------------------------------------------+
; Analysis & Synthesis Summary                                                                   ;
+------------------------------------+-----------------------------------------------------------+
; Analysis & Synthesis Status        ; Successful - Wed May 04 17:45:22 2022                     ;
; Quartus Prime Version              ; 20.1.1 Build 720 11/11/2020 Patches 1.02i SJ Lite Edition ;
; Revision Name                      ; ProjetoFinal                                              ;
; Top-level Entity Name              ; VendingMachine                                            ;
; Family                             ; MAX 10                                                    ;
; Total logic elements               ; 192                                                       ;
;     Total combinational functions  ; 163                                                       ;
;     Dedicated logic registers      ; 106                                                       ;
; Total registers                    ; 106                                                       ;
; Total pins                         ; 15                                                        ;
; Total virtual pins                 ; 0                                                         ;
; Total memory bits                  ; 0                                                         ;
; Embedded Multiplier 9-bit elements ; 0                                                         ;
; Total PLLs                         ; 0                                                         ;
; UFM blocks                         ; 0                                                         ;
; ADC blocks                         ; 0                                                         ;
+------------------------------------+-----------------------------------------------------------+


+------------------------------------------------------------------------------------------------------------+
; Analysis & Synthesis Settings                                                                              ;
+------------------------------------------------------------------+--------------------+--------------------+
; Option                                                           ; Setting            ; Default Value      ;
+------------------------------------------------------------------+--------------------+--------------------+
; Device                                                           ; 10M50DAF484C6GES   ;                    ;
; Top-level entity name                                            ; VendingMachine     ; ProjetoFinal       ;
; Family name                                                      ; MAX 10             ; Cyclone V          ;
; Use smart compilation                                            ; Off                ; Off                ;
; Enable parallel Assembler and Timing Analyzer during compilation ; On                 ; On                 ;
; Enable compact report table                                      ; Off                ; Off                ;
; Restructure Multiplexers                                         ; Auto               ; Auto               ;
; Create Debugging Nodes for IP Cores                              ; Off                ; Off                ;
; Preserve fewer node names                                        ; On                 ; On                 ;
; Intel FPGA IP Evaluation Mode                                    ; Enable             ; Enable             ;
; Verilog Version                                                  ; Verilog_2001       ; Verilog_2001       ;
; VHDL Version                                                     ; VHDL_1993          ; VHDL_1993          ;
; State Machine Processing                                         ; Auto               ; Auto               ;
; Safe State Machine                                               ; Off                ; Off                ;
; Extract Verilog State Machines                                   ; On                 ; On                 ;
; Extract VHDL State Machines                                      ; On                 ; On                 ;
; Ignore Verilog initial constructs                                ; Off                ; Off                ;
; Iteration limit for constant Verilog loops                       ; 5000               ; 5000               ;
; Iteration limit for non-constant Verilog loops                   ; 250                ; 250                ;
; Add Pass-Through Logic to Inferred RAMs                          ; On                 ; On                 ;
; Infer RAMs from Raw Logic                                        ; On                 ; On                 ;
; Parallel Synthesis                                               ; On                 ; On                 ;
; DSP Block Balancing                                              ; Auto               ; Auto               ;
; NOT Gate Push-Back                                               ; On                 ; On                 ;
; Power-Up Don't Care                                              ; On                 ; On                 ;
; Remove Redundant Logic Cells                                     ; Off                ; Off                ;
; Remove Duplicate Registers                                       ; On                 ; On                 ;
; Ignore CARRY Buffers                                             ; Off                ; Off                ;
; Ignore CASCADE Buffers                                           ; Off                ; Off                ;
; Ignore GLOBAL Buffers                                            ; Off                ; Off                ;
; Ignore ROW GLOBAL Buffers                                        ; Off                ; Off                ;
; Ignore LCELL Buffers                                             ; Off                ; Off                ;
; Ignore SOFT Buffers                                              ; On                 ; On                 ;
; Limit AHDL Integers to 32 Bits                                   ; Off                ; Off                ;
; Optimization Technique                                           ; Balanced           ; Balanced           ;
; Carry Chain Length                                               ; 70                 ; 70                 ;
; Auto Carry Chains                                                ; On                 ; On                 ;
; Auto Open-Drain Pins                                             ; On                 ; On                 ;
; Perform WYSIWYG Primitive Resynthesis                            ; Off                ; Off                ;
; Auto ROM Replacement                                             ; On                 ; On                 ;
; Auto RAM Replacement                                             ; On                 ; On                 ;
; Auto DSP Block Replacement                                       ; On                 ; On                 ;
; Auto Shift Register Replacement                                  ; Auto               ; Auto               ;
; Allow Shift Register Merging across Hierarchies                  ; Auto               ; Auto               ;
; Auto Clock Enable Replacement                                    ; On                 ; On                 ;
; Strict RAM Replacement                                           ; Off                ; Off                ;
; Allow Synchronous Control Signals                                ; On                 ; On                 ;
; Force Use of Synchronous Clear Signals                           ; Off                ; Off                ;
; Auto RAM Block Balancing                                         ; On                 ; On                 ;
; Auto RAM to Logic Cell Conversion                                ; Off                ; Off                ;
; Auto Resource Sharing                                            ; Off                ; Off                ;
; Allow Any RAM Size For Recognition                               ; Off                ; Off                ;
; Allow Any ROM Size For Recognition                               ; Off                ; Off                ;
; Allow Any Shift Register Size For Recognition                    ; Off                ; Off                ;
; Use LogicLock Constraints during Resource Balancing              ; On                 ; On                 ;
; Ignore translate_off and synthesis_off directives                ; Off                ; Off                ;
; Timing-Driven Synthesis                                          ; On                 ; On                 ;
; Report Parameter Settings                                        ; On                 ; On                 ;
; Report Source Assignments                                        ; On                 ; On                 ;
; Report Connectivity Checks                                       ; On                 ; On                 ;
; Ignore Maximum Fan-Out Assignments                               ; Off                ; Off                ;
; Synchronization Register Chain Length                            ; 2                  ; 2                  ;
; Power Optimization During Synthesis                              ; Normal compilation ; Normal compilation ;
; HDL message level                                                ; Level2             ; Level2             ;
; Suppress Register Optimization Related Messages                  ; Off                ; Off                ;
; Number of Removed Registers Reported in Synthesis Report         ; 5000               ; 5000               ;
; Number of Swept Nodes Reported in Synthesis Report               ; 5000               ; 5000               ;
; Number of Inverted Registers Reported in Synthesis Report        ; 100                ; 100                ;
; Clock MUX Protection                                             ; On                 ; On                 ;
; Auto Gated Clock Conversion                                      ; Off                ; Off                ;
; Block Design Naming                                              ; Auto               ; Auto               ;
; SDC constraint protection                                        ; Off                ; Off                ;
; Synthesis Effort                                                 ; Auto               ; Auto               ;
; Shift Register Replacement - Allow Asynchronous Clear Signal     ; On                 ; On                 ;
; Pre-Mapping Resynthesis Optimization                             ; Off                ; Off                ;
; Analysis & Synthesis Message Level                               ; Medium             ; Medium             ;
; Disable Register Merging Across Hierarchies                      ; Auto               ; Auto               ;
; Resource Aware Inference For Block RAM                           ; On                 ; On                 ;
+------------------------------------------------------------------+--------------------+--------------------+


+------------------------------------------+
; Parallel Compilation                     ;
+----------------------------+-------------+
; Processors                 ; Number      ;
+----------------------------+-------------+
; Number detected on machine ; 16          ;
; Maximum allowed            ; 16          ;
;                            ;             ;
; Average used               ; 1.00        ;
; Maximum used               ; 16          ;
;                            ;             ;
; Usage by Processor         ; % Time Used ;
;     Processor 1            ; 100.0%      ;
;     Processors 2-16        ;   0.0%      ;
+----------------------------+-------------+


+----------------------------------------------------------------------------------------------------------------------------------------------------------------------------------------------------------------------------------------------------------------+
; Analysis & Synthesis Source Files Read                                                                                                                                                                                                                         ;
+--------------------------------------------------------------------+-----------------+----------------------------------------------+------------------------------------------------------------------------------------------------------------+-------------+
; File Name with User-Entered Path                                   ; Used in Netlist ; File Type                                    ; File Name with Absolute Path                                                                               ; Library     ;
+--------------------------------------------------------------------+-----------------+----------------------------------------------+------------------------------------------------------------------------------------------------------------+-------------+
; FFD.vhd                                                            ; yes             ; User VHDL File                               ; C:/Users/ruiac/Desktop/ISEL/LIC/Projeto/FFD.vhd                                                            ;             ;
; ShiftRegister.vhd                                                  ; yes             ; User VHDL File                               ; C:/Users/ruiac/Desktop/ISEL/LIC/Projeto/ShiftRegister.vhd                                                  ;             ;
; Counter.vhd                                                        ; yes             ; User VHDL File                               ; C:/Users/ruiac/Desktop/ISEL/LIC/Projeto/Counter.vhd                                                        ;             ;
; SerialControl.vhd                                                  ; yes             ; User VHDL File                               ; C:/Users/ruiac/Desktop/ISEL/LIC/Projeto/SerialControl.vhd                                                  ;             ;
; ParityCheck.vhd                                                    ; yes             ; User VHDL File                               ; C:/Users/ruiac/Desktop/ISEL/LIC/Projeto/ParityCheck.vhd                                                    ;             ;
; SerialReceiver.vhd                                                 ; yes             ; User VHDL File                               ; C:/Users/ruiac/Desktop/ISEL/LIC/Projeto/SerialReceiver.vhd                                                 ;             ;
; Dispatcher.vhd                                                     ; yes             ; User VHDL File                               ; C:/Users/ruiac/Desktop/ISEL/LIC/Projeto/Dispatcher.vhd                                                     ;             ;
; TicketDispenser.vhd                                                ; yes             ; User VHDL File                               ; C:/Users/ruiac/Desktop/ISEL/LIC/Projeto/TicketDispenser.vhd                                                ;             ;
; UsbPort.vhd                                                        ; yes             ; User VHDL File                               ; C:/Users/ruiac/Desktop/ISEL/LIC/Projeto/UsbPort.vhd                                                        ;             ;
; IOS.vhd                                                            ; yes             ; User VHDL File                               ; C:/Users/ruiac/Desktop/ISEL/LIC/Projeto/IOS.vhd                                                            ;             ;
; VendingMachine.vhd                                                 ; yes             ; User VHDL File                               ; C:/Users/ruiac/Desktop/ISEL/LIC/Projeto/VendingMachine.vhd                                                 ;             ;
; decoderHex.vhd                                                     ; yes             ; User VHDL File                               ; C:/Users/ruiac/Desktop/ISEL/LIC/Projeto/decoderHex.vhd                                                     ;             ;
; int7seg.vhd                                                        ; yes             ; User VHDL File                               ; C:/Users/ruiac/Desktop/ISEL/LIC/Projeto/int7seg.vhd                                                        ;             ;
; sld_virtual_jtag.v                                                 ; yes             ; Megafunction                                 ; c:/intelfpga_lite/20.1/quartus/libraries/megafunctions/sld_virtual_jtag.v                                  ;             ;
; sld_virtual_jtag_basic.v                                           ; yes             ; Megafunction                                 ; c:/intelfpga_lite/20.1/quartus/libraries/megafunctions/sld_virtual_jtag_basic.v                            ;             ;
; sld_jtag_endpoint_adapter.vhd                                      ; yes             ; Encrypted Megafunction                       ; c:/intelfpga_lite/20.1/quartus/libraries/megafunctions/sld_jtag_endpoint_adapter.vhd                       ;             ;
; sld_jtag_endpoint_adapter_impl.sv                                  ; yes             ; Encrypted Megafunction                       ; c:/intelfpga_lite/20.1/quartus/libraries/megafunctions/sld_jtag_endpoint_adapter_impl.sv                   ;             ;
; sld_hub.vhd                                                        ; yes             ; Encrypted Megafunction                       ; c:/intelfpga_lite/20.1/quartus/libraries/megafunctions/sld_hub.vhd                                         ; altera_sld  ;
; db/ip/sld632c1620/alt_sld_fab.v                                    ; yes             ; Encrypted Auto-Found Verilog HDL File        ; C:/Users/ruiac/Desktop/ISEL/LIC/Projeto/db/ip/sld632c1620/alt_sld_fab.v                                    ; alt_sld_fab ;
; db/ip/sld632c1620/submodules/alt_sld_fab_alt_sld_fab.v             ; yes             ; Encrypted Auto-Found Verilog HDL File        ; C:/Users/ruiac/Desktop/ISEL/LIC/Projeto/db/ip/sld632c1620/submodules/alt_sld_fab_alt_sld_fab.v             ; alt_sld_fab ;
; db/ip/sld632c1620/submodules/alt_sld_fab_alt_sld_fab_ident.sv      ; yes             ; Auto-Found SystemVerilog HDL File            ; C:/Users/ruiac/Desktop/ISEL/LIC/Projeto/db/ip/sld632c1620/submodules/alt_sld_fab_alt_sld_fab_ident.sv      ; alt_sld_fab ;
; db/ip/sld632c1620/submodules/alt_sld_fab_alt_sld_fab_presplit.sv   ; yes             ; Encrypted Auto-Found SystemVerilog HDL File  ; C:/Users/ruiac/Desktop/ISEL/LIC/Projeto/db/ip/sld632c1620/submodules/alt_sld_fab_alt_sld_fab_presplit.sv   ; alt_sld_fab ;
; db/ip/sld632c1620/submodules/alt_sld_fab_alt_sld_fab_sldfabric.vhd ; yes             ; Encrypted Auto-Found VHDL File               ; C:/Users/ruiac/Desktop/ISEL/LIC/Projeto/db/ip/sld632c1620/submodules/alt_sld_fab_alt_sld_fab_sldfabric.vhd ; alt_sld_fab ;
; db/ip/sld632c1620/submodules/alt_sld_fab_alt_sld_fab_splitter.sv   ; yes             ; Encrypted Auto-Found SystemVerilog HDL File  ; C:/Users/ruiac/Desktop/ISEL/LIC/Projeto/db/ip/sld632c1620/submodules/alt_sld_fab_alt_sld_fab_splitter.sv   ; alt_sld_fab ;
; sld_jtag_hub.vhd                                                   ; yes             ; Encrypted Megafunction                       ; c:/intelfpga_lite/20.1/quartus/libraries/megafunctions/sld_jtag_hub.vhd                                    ;             ;
; sld_rom_sr.vhd                                                     ; yes             ; Encrypted Megafunction                       ; c:/intelfpga_lite/20.1/quartus/libraries/megafunctions/sld_rom_sr.vhd                                      ;             ;
+--------------------------------------------------------------------+-----------------+----------------------------------------------+------------------------------------------------------------------------------------------------------------+-------------+


+------------------------------------------------------------------------+
; Analysis & Synthesis Resource Usage Summary                            ;
+---------------------------------------------+--------------------------+
; Resource                                    ; Usage                    ;
+---------------------------------------------+--------------------------+
; Estimated Total logic elements              ; 192                      ;
;                                             ;                          ;
; Total combinational functions               ; 163                      ;
; Logic element usage by number of LUT inputs ;                          ;
;     -- 4 input functions                    ; 69                       ;
;     -- 3 input functions                    ; 42                       ;
;     -- <=2 input functions                  ; 52                       ;
;                                             ;                          ;
; Logic elements by mode                      ;                          ;
;     -- normal mode                          ; 155                      ;
;     -- arithmetic mode                      ; 8                        ;
;                                             ;                          ;
; Total registers                             ; 106                      ;
;     -- Dedicated logic registers            ; 106                      ;
;     -- I/O registers                        ; 0                        ;
;                                             ;                          ;
; I/O pins                                    ; 15                       ;
;                                             ;                          ;
; Embedded Multiplier 9-bit elements          ; 0                        ;
;                                             ;                          ;
; Maximum fan-out node                        ; altera_internal_jtag~TDO ;
; Maximum fan-out                             ; 107                      ;
; Total fan-out                               ; 863                      ;
; Average fan-out                             ; 2.80                     ;
+---------------------------------------------+--------------------------+


+--------------------------------------------------------------------------------------------------------------------------------------------------------------------------------------------------------------------------------------------------------------------------------------------------------------------------------------------------------------------------------------------------------------------------------------------------------------------------------------------------------------------------------------------------------------------------------------------------------------------------------------------------------------------------------------------------------------+
; Analysis & Synthesis Resource Utilization by Entity                                                                                                                                                                                                                                                                                                                                                                                                                                                                                                                                                                                                                                                          ;
+-----------------------------------------------------------------------------------------------------------------------------------------+---------------------+---------------------------+-------------+------------+--------------+---------+-----------+------+--------------+------------+------------------------------------------------------------------------------------------------------------------------------------------------------------------------------------------------------------------------------------------------------------------------------------------------------------------------------------------------------------+-----------------------------------+--------------+
; Compilation Hierarchy Node                                                                                                              ; Combinational ALUTs ; Dedicated Logic Registers ; Memory Bits ; UFM Blocks ; DSP Elements ; DSP 9x9 ; DSP 18x18 ; Pins ; Virtual Pins ; ADC blocks ; Full Hierarchy Name                                                                                                                                                                                                                                                                                                                                        ; Entity Name                       ; Library Name ;
+-----------------------------------------------------------------------------------------------------------------------------------------+---------------------+---------------------------+-------------+------------+--------------+---------+-----------+------+--------------+------------+------------------------------------------------------------------------------------------------------------------------------------------------------------------------------------------------------------------------------------------------------------------------------------------------------------------------------------------------------------+-----------------------------------+--------------+
; |VendingMachine                                                                                                                         ; 163 (2)             ; 106 (0)                   ; 0           ; 0          ; 0            ; 0       ; 0         ; 15   ; 0            ; 0          ; |VendingMachine                                                                                                                                                                                                                                                                                                                                            ; VendingMachine                    ; work         ;
;    |IOS:IOScomp|                                                                                                                        ; 24 (0)              ; 20 (0)                    ; 0           ; 0          ; 0            ; 0       ; 0         ; 0    ; 0            ; 0          ; |VendingMachine|IOS:IOScomp                                                                                                                                                                                                                                                                                                                                ; IOS                               ; work         ;
;       |Dispatcher:Disp|                                                                                                                 ; 6 (6)               ; 5 (5)                     ; 0           ; 0          ; 0            ; 0       ; 0         ; 0    ; 0            ; 0          ; |VendingMachine|IOS:IOScomp|Dispatcher:Disp                                                                                                                                                                                                                                                                                                                ; Dispatcher                        ; work         ;
;       |SerialReceiver:serialR|                                                                                                          ; 18 (1)              ; 15 (0)                    ; 0           ; 0          ; 0            ; 0       ; 0         ; 0    ; 0            ; 0          ; |VendingMachine|IOS:IOScomp|SerialReceiver:serialR                                                                                                                                                                                                                                                                                                         ; SerialReceiver                    ; work         ;
;          |Counter:Counter0|                                                                                                             ; 4 (0)               ; 4 (0)                     ; 0           ; 0          ; 0            ; 0       ; 0         ; 0    ; 0            ; 0          ; |VendingMachine|IOS:IOScomp|SerialReceiver:serialR|Counter:Counter0                                                                                                                                                                                                                                                                                        ; Counter                           ; work         ;
;             |FFD:UFFD0|                                                                                                                 ; 1 (1)               ; 1 (1)                     ; 0           ; 0          ; 0            ; 0       ; 0         ; 0    ; 0            ; 0          ; |VendingMachine|IOS:IOScomp|SerialReceiver:serialR|Counter:Counter0|FFD:UFFD0                                                                                                                                                                                                                                                                              ; FFD                               ; work         ;
;             |FFD:UFFD1|                                                                                                                 ; 1 (1)               ; 1 (1)                     ; 0           ; 0          ; 0            ; 0       ; 0         ; 0    ; 0            ; 0          ; |VendingMachine|IOS:IOScomp|SerialReceiver:serialR|Counter:Counter0|FFD:UFFD1                                                                                                                                                                                                                                                                              ; FFD                               ; work         ;
;             |FFD:UFFD2|                                                                                                                 ; 1 (1)               ; 1 (1)                     ; 0           ; 0          ; 0            ; 0       ; 0         ; 0    ; 0            ; 0          ; |VendingMachine|IOS:IOScomp|SerialReceiver:serialR|Counter:Counter0|FFD:UFFD2                                                                                                                                                                                                                                                                              ; FFD                               ; work         ;
;             |FFD:UFFD3|                                                                                                                 ; 1 (1)               ; 1 (1)                     ; 0           ; 0          ; 0            ; 0       ; 0         ; 0    ; 0            ; 0          ; |VendingMachine|IOS:IOScomp|SerialReceiver:serialR|Counter:Counter0|FFD:UFFD3                                                                                                                                                                                                                                                                              ; FFD                               ; work         ;
;          |ParityCheck:ParityCheck0|                                                                                                     ; 1 (0)               ; 1 (0)                     ; 0           ; 0          ; 0            ; 0       ; 0         ; 0    ; 0            ; 0          ; |VendingMachine|IOS:IOScomp|SerialReceiver:serialR|ParityCheck:ParityCheck0                                                                                                                                                                                                                                                                                ; ParityCheck                       ; work         ;
;             |FFD:UFFD0|                                                                                                                 ; 1 (1)               ; 1 (1)                     ; 0           ; 0          ; 0            ; 0       ; 0         ; 0    ; 0            ; 0          ; |VendingMachine|IOS:IOScomp|SerialReceiver:serialR|ParityCheck:ParityCheck0|FFD:UFFD0                                                                                                                                                                                                                                                                      ; FFD                               ; work         ;
;          |SerialControl:serialC|                                                                                                        ; 12 (12)             ; 5 (5)                     ; 0           ; 0          ; 0            ; 0       ; 0         ; 0    ; 0            ; 0          ; |VendingMachine|IOS:IOScomp|SerialReceiver:serialR|SerialControl:serialC                                                                                                                                                                                                                                                                                   ; SerialControl                     ; work         ;
;          |ShiftRegister:ShiftRegister0|                                                                                                 ; 0 (0)               ; 5 (0)                     ; 0           ; 0          ; 0            ; 0       ; 0         ; 0    ; 0            ; 0          ; |VendingMachine|IOS:IOScomp|SerialReceiver:serialR|ShiftRegister:ShiftRegister0                                                                                                                                                                                                                                                                            ; ShiftRegister                     ; work         ;
;             |FFD:UFFD0|                                                                                                                 ; 0 (0)               ; 1 (1)                     ; 0           ; 0          ; 0            ; 0       ; 0         ; 0    ; 0            ; 0          ; |VendingMachine|IOS:IOScomp|SerialReceiver:serialR|ShiftRegister:ShiftRegister0|FFD:UFFD0                                                                                                                                                                                                                                                                  ; FFD                               ; work         ;
;             |FFD:UFFD1|                                                                                                                 ; 0 (0)               ; 1 (1)                     ; 0           ; 0          ; 0            ; 0       ; 0         ; 0    ; 0            ; 0          ; |VendingMachine|IOS:IOScomp|SerialReceiver:serialR|ShiftRegister:ShiftRegister0|FFD:UFFD1                                                                                                                                                                                                                                                                  ; FFD                               ; work         ;
;             |FFD:UFFD2|                                                                                                                 ; 0 (0)               ; 1 (1)                     ; 0           ; 0          ; 0            ; 0       ; 0         ; 0    ; 0            ; 0          ; |VendingMachine|IOS:IOScomp|SerialReceiver:serialR|ShiftRegister:ShiftRegister0|FFD:UFFD2                                                                                                                                                                                                                                                                  ; FFD                               ; work         ;
;             |FFD:UFFD3|                                                                                                                 ; 0 (0)               ; 1 (1)                     ; 0           ; 0          ; 0            ; 0       ; 0         ; 0    ; 0            ; 0          ; |VendingMachine|IOS:IOScomp|SerialReceiver:serialR|ShiftRegister:ShiftRegister0|FFD:UFFD3                                                                                                                                                                                                                                                                  ; FFD                               ; work         ;
;             |FFD:UFFD4|                                                                                                                 ; 0 (0)               ; 1 (1)                     ; 0           ; 0          ; 0            ; 0       ; 0         ; 0    ; 0            ; 0          ; |VendingMachine|IOS:IOScomp|SerialReceiver:serialR|ShiftRegister:ShiftRegister0|FFD:UFFD4                                                                                                                                                                                                                                                                  ; FFD                               ; work         ;
;    |TicketDispenser:Dispenser|                                                                                                          ; 15 (0)              ; 0 (0)                     ; 0           ; 0          ; 0            ; 0       ; 0         ; 0    ; 0            ; 0          ; |VendingMachine|TicketDispenser:Dispenser                                                                                                                                                                                                                                                                                                                  ; TicketDispenser                   ; work         ;
;       |decoderHex:decoder|                                                                                                              ; 15 (10)             ; 0 (0)                     ; 0           ; 0          ; 0            ; 0       ; 0         ; 0    ; 0            ; 0          ; |VendingMachine|TicketDispenser:Dispenser|decoderHex:decoder                                                                                                                                                                                                                                                                                               ; decoderHex                        ; work         ;
;          |int7seg:U0|                                                                                                                   ; 5 (5)               ; 0 (0)                     ; 0           ; 0          ; 0            ; 0       ; 0         ; 0    ; 0            ; 0          ; |VendingMachine|TicketDispenser:Dispenser|decoderHex:decoder|int7seg:U0                                                                                                                                                                                                                                                                                    ; int7seg                           ; work         ;
;    |sld_hub:auto_hub|                                                                                                                   ; 122 (1)             ; 86 (0)                    ; 0           ; 0          ; 0            ; 0       ; 0         ; 0    ; 0            ; 0          ; |VendingMachine|sld_hub:auto_hub                                                                                                                                                                                                                                                                                                                           ; sld_hub                           ; altera_sld   ;
;       |alt_sld_fab_with_jtag_input:\instrumentation_fabric_with_node_gen:fabric_gen_new_way:with_jtag_input_gen:instrumentation_fabric| ; 121 (0)             ; 86 (0)                    ; 0           ; 0          ; 0            ; 0       ; 0         ; 0    ; 0            ; 0          ; |VendingMachine|sld_hub:auto_hub|alt_sld_fab_with_jtag_input:\instrumentation_fabric_with_node_gen:fabric_gen_new_way:with_jtag_input_gen:instrumentation_fabric                                                                                                                                                                                           ; alt_sld_fab_with_jtag_input       ; altera_sld   ;
;          |alt_sld_fab:instrumentation_fabric|                                                                                           ; 121 (0)             ; 86 (0)                    ; 0           ; 0          ; 0            ; 0       ; 0         ; 0    ; 0            ; 0          ; |VendingMachine|sld_hub:auto_hub|alt_sld_fab_with_jtag_input:\instrumentation_fabric_with_node_gen:fabric_gen_new_way:with_jtag_input_gen:instrumentation_fabric|alt_sld_fab:instrumentation_fabric                                                                                                                                                        ; alt_sld_fab                       ; alt_sld_fab  ;
;             |alt_sld_fab_alt_sld_fab:alt_sld_fab|                                                                                       ; 121 (1)             ; 86 (5)                    ; 0           ; 0          ; 0            ; 0       ; 0         ; 0    ; 0            ; 0          ; |VendingMachine|sld_hub:auto_hub|alt_sld_fab_with_jtag_input:\instrumentation_fabric_with_node_gen:fabric_gen_new_way:with_jtag_input_gen:instrumentation_fabric|alt_sld_fab:instrumentation_fabric|alt_sld_fab_alt_sld_fab:alt_sld_fab                                                                                                                    ; alt_sld_fab_alt_sld_fab           ; alt_sld_fab  ;
;                |alt_sld_fab_alt_sld_fab_sldfabric:sldfabric|                                                                            ; 120 (0)             ; 81 (0)                    ; 0           ; 0          ; 0            ; 0       ; 0         ; 0    ; 0            ; 0          ; |VendingMachine|sld_hub:auto_hub|alt_sld_fab_with_jtag_input:\instrumentation_fabric_with_node_gen:fabric_gen_new_way:with_jtag_input_gen:instrumentation_fabric|alt_sld_fab:instrumentation_fabric|alt_sld_fab_alt_sld_fab:alt_sld_fab|alt_sld_fab_alt_sld_fab_sldfabric:sldfabric                                                                        ; alt_sld_fab_alt_sld_fab_sldfabric ; alt_sld_fab  ;
;                   |sld_jtag_hub:\jtag_hub_gen:real_sld_jtag_hub|                                                                        ; 120 (82)            ; 81 (53)                   ; 0           ; 0          ; 0            ; 0       ; 0         ; 0    ; 0            ; 0          ; |VendingMachine|sld_hub:auto_hub|alt_sld_fab_with_jtag_input:\instrumentation_fabric_with_node_gen:fabric_gen_new_way:with_jtag_input_gen:instrumentation_fabric|alt_sld_fab:instrumentation_fabric|alt_sld_fab_alt_sld_fab:alt_sld_fab|alt_sld_fab_alt_sld_fab_sldfabric:sldfabric|sld_jtag_hub:\jtag_hub_gen:real_sld_jtag_hub                           ; sld_jtag_hub                      ; work         ;
;                      |sld_rom_sr:hub_info_reg|                                                                                          ; 20 (20)             ; 9 (9)                     ; 0           ; 0          ; 0            ; 0       ; 0         ; 0    ; 0            ; 0          ; |VendingMachine|sld_hub:auto_hub|alt_sld_fab_with_jtag_input:\instrumentation_fabric_with_node_gen:fabric_gen_new_way:with_jtag_input_gen:instrumentation_fabric|alt_sld_fab:instrumentation_fabric|alt_sld_fab_alt_sld_fab:alt_sld_fab|alt_sld_fab_alt_sld_fab_sldfabric:sldfabric|sld_jtag_hub:\jtag_hub_gen:real_sld_jtag_hub|sld_rom_sr:hub_info_reg   ; sld_rom_sr                        ; work         ;
;                      |sld_shadow_jsm:shadow_jsm|                                                                                        ; 18 (18)             ; 19 (19)                   ; 0           ; 0          ; 0            ; 0       ; 0         ; 0    ; 0            ; 0          ; |VendingMachine|sld_hub:auto_hub|alt_sld_fab_with_jtag_input:\instrumentation_fabric_with_node_gen:fabric_gen_new_way:with_jtag_input_gen:instrumentation_fabric|alt_sld_fab:instrumentation_fabric|alt_sld_fab_alt_sld_fab:alt_sld_fab|alt_sld_fab_alt_sld_fab_sldfabric:sldfabric|sld_jtag_hub:\jtag_hub_gen:real_sld_jtag_hub|sld_shadow_jsm:shadow_jsm ; sld_shadow_jsm                    ; altera_sld   ;
+-----------------------------------------------------------------------------------------------------------------------------------------+---------------------+---------------------------+-------------+------------+--------------+---------+-----------+------+--------------+------------+------------------------------------------------------------------------------------------------------------------------------------------------------------------------------------------------------------------------------------------------------------------------------------------------------------------------------------------------------------+-----------------------------------+--------------+
Note: For table entries with two numbers listed, the numbers in parentheses indicate the number of resources of the given type used by the specific entity alone. The numbers listed outside of parentheses indicate the total resources of the given type used by the specific entity and all of its sub-entities in the hierarchy.


+-----------------------------------------------------------------------------------------------------------------------------------------------------------------------------------------------------------------------------------------------------------------------------------------------------------------------------------------------------------------------+
; Analysis & Synthesis IP Cores Summary                                                                                                                                                                                                                                                                                                                                 ;
+--------+--------------+---------+--------------+--------------+-------------------------------------------------------------------------------------------------------------------------------------------------------------------------------------------------------------------------------------------------------------------------------------+-----------------+
; Vendor ; IP Core Name ; Version ; Release Date ; License Type ; Entity Instance                                                                                                                                                                                                                                                                     ; IP Include File ;
+--------+--------------+---------+--------------+--------------+-------------------------------------------------------------------------------------------------------------------------------------------------------------------------------------------------------------------------------------------------------------------------------------+-----------------+
; Altera ; Signal Tap   ; N/A     ; N/A          ; Licensed     ; |VendingMachine|sld_hub:auto_hub|alt_sld_fab_with_jtag_input:\instrumentation_fabric_with_node_gen:fabric_gen_new_way:with_jtag_input_gen:instrumentation_fabric|alt_sld_fab:instrumentation_fabric                                                                                 ;                 ;
; Altera ; Signal Tap   ; N/A     ; N/A          ; Licensed     ; |VendingMachine|sld_hub:auto_hub|alt_sld_fab_with_jtag_input:\instrumentation_fabric_with_node_gen:fabric_gen_new_way:with_jtag_input_gen:instrumentation_fabric|alt_sld_fab:instrumentation_fabric|alt_sld_fab_alt_sld_fab:alt_sld_fab                                             ;                 ;
; Altera ; Signal Tap   ; N/A     ; N/A          ; Licensed     ; |VendingMachine|sld_hub:auto_hub|alt_sld_fab_with_jtag_input:\instrumentation_fabric_with_node_gen:fabric_gen_new_way:with_jtag_input_gen:instrumentation_fabric|alt_sld_fab:instrumentation_fabric|alt_sld_fab_alt_sld_fab:alt_sld_fab|alt_sld_fab_alt_sld_fab_presplit:presplit   ;                 ;
; Altera ; Signal Tap   ; N/A     ; N/A          ; Licensed     ; |VendingMachine|sld_hub:auto_hub|alt_sld_fab_with_jtag_input:\instrumentation_fabric_with_node_gen:fabric_gen_new_way:with_jtag_input_gen:instrumentation_fabric|alt_sld_fab:instrumentation_fabric|alt_sld_fab_alt_sld_fab:alt_sld_fab|alt_sld_fab_alt_sld_fab_sldfabric:sldfabric ;                 ;
; Altera ; Signal Tap   ; N/A     ; N/A          ; Licensed     ; |VendingMachine|sld_hub:auto_hub|alt_sld_fab_with_jtag_input:\instrumentation_fabric_with_node_gen:fabric_gen_new_way:with_jtag_input_gen:instrumentation_fabric|alt_sld_fab:instrumentation_fabric|alt_sld_fab_alt_sld_fab:alt_sld_fab|alt_sld_fab_alt_sld_fab_splitter:splitter   ;                 ;
+--------+--------------+---------+--------------+--------------+-------------------------------------------------------------------------------------------------------------------------------------------------------------------------------------------------------------------------------------------------------------------------------------+-----------------+


Encoding Type:  One-Hot
+------------------------------------------------------------------------------------------------------------------------------------------------------------------------------------------------------+
; State Machine - |VendingMachine|IOS:IOScomp|Dispatcher:Disp|CurrentState                                                                                                                             ;
+----------------------------------+----------------------------------+----------------------------+--------------------------------+-------------------------------+----------------------------------+
; Name                             ; CurrentState.STATE_finishProcess ; CurrentState.STATE_sendLCD ; CurrentState.STATE_prtProtocol ; CurrentState.STATE_sendTicket ; CurrentState.STATE_waitValidData ;
+----------------------------------+----------------------------------+----------------------------+--------------------------------+-------------------------------+----------------------------------+
; CurrentState.STATE_waitValidData ; 0                                ; 0                          ; 0                              ; 0                             ; 0                                ;
; CurrentState.STATE_sendTicket    ; 0                                ; 0                          ; 0                              ; 1                             ; 1                                ;
; CurrentState.STATE_prtProtocol   ; 0                                ; 0                          ; 1                              ; 0                             ; 1                                ;
; CurrentState.STATE_sendLCD       ; 0                                ; 1                          ; 0                              ; 0                             ; 1                                ;
; CurrentState.STATE_finishProcess ; 1                                ; 0                          ; 0                              ; 0                             ; 1                                ;
+----------------------------------+----------------------------------+----------------------------+--------------------------------+-------------------------------+----------------------------------+


Encoding Type:  One-Hot
+----------------------------------------------------------------------------------------------------------------------------------------------------------------------------------------+
; State Machine - |VendingMachine|IOS:IOScomp|SerialReceiver:serialR|SerialControl:serialC|CurrentState                                                                                  ;
+----------------------------------+-----------------------------+----------------------------------+---------------------------+-----------------------------+--------------------------+
; Name                             ; CurrentState.STATE_DConfirm ; CurrentState.STATE_DEndReception ; CurrentState.STATE_PCheck ; CurrentState.STATE_DReceive ; CurrentState.STATE_Dwait ;
+----------------------------------+-----------------------------+----------------------------------+---------------------------+-----------------------------+--------------------------+
; CurrentState.STATE_Dwait         ; 0                           ; 0                                ; 0                         ; 0                           ; 0                        ;
; CurrentState.STATE_DReceive      ; 0                           ; 0                                ; 0                         ; 1                           ; 1                        ;
; CurrentState.STATE_PCheck        ; 0                           ; 0                                ; 1                         ; 0                           ; 1                        ;
; CurrentState.STATE_DEndReception ; 0                           ; 1                                ; 0                         ; 0                           ; 1                        ;
; CurrentState.STATE_DConfirm      ; 1                           ; 0                                ; 0                         ; 0                           ; 1                        ;
+----------------------------------+-----------------------------+----------------------------------+---------------------------+-----------------------------+--------------------------+


+------------------------------------------------------+
; General Register Statistics                          ;
+----------------------------------------------+-------+
; Statistic                                    ; Value ;
+----------------------------------------------+-------+
; Total registers                              ; 106   ;
; Number of registers using Synchronous Clear  ; 12    ;
; Number of registers using Synchronous Load   ; 10    ;
; Number of registers using Asynchronous Clear ; 48    ;
; Number of registers using Asynchronous Load  ; 0     ;
; Number of registers using Clock Enable       ; 63    ;
; Number of registers using Preset             ; 0     ;
+----------------------------------------------+-------+


+-------------------------------------------------------------------------------------------------------------------------------------------------------------------------------------------------------------------------------------------------------------------------------------------------------------------------------------------+
; Inverted Register Statistics                                                                                                                                                                                                                                                                                                              ;
+---------------------------------------------------------------------------------------------------------------------------------------------------------------------------------------------------------------------------------------------------------------------------------------------------------------------------------+---------+
; Inverted Register                                                                                                                                                                                                                                                                                                               ; Fan out ;
+---------------------------------------------------------------------------------------------------------------------------------------------------------------------------------------------------------------------------------------------------------------------------------------------------------------------------------+---------+
; sld_hub:auto_hub|alt_sld_fab_with_jtag_input:\instrumentation_fabric_with_node_gen:fabric_gen_new_way:with_jtag_input_gen:instrumentation_fabric|alt_sld_fab:instrumentation_fabric|alt_sld_fab_alt_sld_fab:alt_sld_fab|alt_sld_fab_alt_sld_fab_sldfabric:sldfabric|sld_jtag_hub:\jtag_hub_gen:real_sld_jtag_hub|jtag_ir_reg[2] ; 2       ;
; sld_hub:auto_hub|alt_sld_fab_with_jtag_input:\instrumentation_fabric_with_node_gen:fabric_gen_new_way:with_jtag_input_gen:instrumentation_fabric|alt_sld_fab:instrumentation_fabric|alt_sld_fab_alt_sld_fab:alt_sld_fab|alt_sld_fab_alt_sld_fab_sldfabric:sldfabric|sld_jtag_hub:\jtag_hub_gen:real_sld_jtag_hub|jtag_ir_reg[1] ; 3       ;
; Total number of inverted registers = 2                                                                                                                                                                                                                                                                                          ;         ;
+---------------------------------------------------------------------------------------------------------------------------------------------------------------------------------------------------------------------------------------------------------------------------------------------------------------------------------+---------+


+----------------------------------------------------------------------------------------+
; Parameter Settings for User Entity Instance: UsbPort:USBconn|sld_virtual_jtag:b2v_inst ;
+-------------------------+------------------+-------------------------------------------+
; Parameter Name          ; Value            ; Type                                      ;
+-------------------------+------------------+-------------------------------------------+
; sld_auto_instance_index ; YES              ; String                                    ;
; sld_instance_index      ; 0                ; Signed Integer                            ;
; sld_ir_width            ; 8                ; Signed Integer                            ;
; sld_sim_n_scan          ; 0                ; Signed Integer                            ;
; sld_sim_action          ; UNUSED           ; String                                    ;
; sld_sim_total_length    ; 0                ; Signed Integer                            ;
; lpm_type                ; sld_virtual_jtag ; String                                    ;
; lpm_hint                ; UNUSED           ; String                                    ;
+-------------------------+------------------+-------------------------------------------+
Note: In order to hide this table in the UI and the text report file, please set the "Show Parameter Settings in Synthesis Report" option in "Analysis and Synthesis Settings -> More Settings" to "Off".


+-------------------------------------------------------------------------------------------------------+
; Port Connectivity Checks: "IOS:IOScomp|SerialReceiver:serialR|ShiftRegister:ShiftRegister0|FFD:UFFD9" ;
+-------+-------+----------+----------------------------------------------------------------------------+
; Port  ; Type  ; Severity ; Details                                                                    ;
+-------+-------+----------+----------------------------------------------------------------------------+
; reset ; Input ; Info     ; Stuck at GND                                                               ;
+-------+-------+----------+----------------------------------------------------------------------------+


+-------------------------------------------------------------------------------------------------------+
; Port Connectivity Checks: "IOS:IOScomp|SerialReceiver:serialR|ShiftRegister:ShiftRegister0|FFD:UFFD8" ;
+-------+-------+----------+----------------------------------------------------------------------------+
; Port  ; Type  ; Severity ; Details                                                                    ;
+-------+-------+----------+----------------------------------------------------------------------------+
; reset ; Input ; Info     ; Stuck at GND                                                               ;
+-------+-------+----------+----------------------------------------------------------------------------+


+-------------------------------------------------------------------------------------------------------+
; Port Connectivity Checks: "IOS:IOScomp|SerialReceiver:serialR|ShiftRegister:ShiftRegister0|FFD:UFFD7" ;
+-------+-------+----------+----------------------------------------------------------------------------+
; Port  ; Type  ; Severity ; Details                                                                    ;
+-------+-------+----------+----------------------------------------------------------------------------+
; reset ; Input ; Info     ; Stuck at GND                                                               ;
+-------+-------+----------+----------------------------------------------------------------------------+


+-------------------------------------------------------------------------------------------------------+
; Port Connectivity Checks: "IOS:IOScomp|SerialReceiver:serialR|ShiftRegister:ShiftRegister0|FFD:UFFD6" ;
+-------+-------+----------+----------------------------------------------------------------------------+
; Port  ; Type  ; Severity ; Details                                                                    ;
+-------+-------+----------+----------------------------------------------------------------------------+
; reset ; Input ; Info     ; Stuck at GND                                                               ;
+-------+-------+----------+----------------------------------------------------------------------------+


+-------------------------------------------------------------------------------------------------------+
; Port Connectivity Checks: "IOS:IOScomp|SerialReceiver:serialR|ShiftRegister:ShiftRegister0|FFD:UFFD5" ;
+-------+-------+----------+----------------------------------------------------------------------------+
; Port  ; Type  ; Severity ; Details                                                                    ;
+-------+-------+----------+----------------------------------------------------------------------------+
; reset ; Input ; Info     ; Stuck at GND                                                               ;
+-------+-------+----------+----------------------------------------------------------------------------+


+-------------------------------------------------------------------------------------------------------+
; Port Connectivity Checks: "IOS:IOScomp|SerialReceiver:serialR|ShiftRegister:ShiftRegister0|FFD:UFFD4" ;
+-------+-------+----------+----------------------------------------------------------------------------+
; Port  ; Type  ; Severity ; Details                                                                    ;
+-------+-------+----------+----------------------------------------------------------------------------+
; reset ; Input ; Info     ; Stuck at GND                                                               ;
+-------+-------+----------+----------------------------------------------------------------------------+


+-------------------------------------------------------------------------------------------------------+
; Port Connectivity Checks: "IOS:IOScomp|SerialReceiver:serialR|ShiftRegister:ShiftRegister0|FFD:UFFD3" ;
+-------+-------+----------+----------------------------------------------------------------------------+
; Port  ; Type  ; Severity ; Details                                                                    ;
+-------+-------+----------+----------------------------------------------------------------------------+
; reset ; Input ; Info     ; Stuck at GND                                                               ;
+-------+-------+----------+----------------------------------------------------------------------------+


+-------------------------------------------------------------------------------------------------------+
; Port Connectivity Checks: "IOS:IOScomp|SerialReceiver:serialR|ShiftRegister:ShiftRegister0|FFD:UFFD2" ;
+-------+-------+----------+----------------------------------------------------------------------------+
; Port  ; Type  ; Severity ; Details                                                                    ;
+-------+-------+----------+----------------------------------------------------------------------------+
; reset ; Input ; Info     ; Stuck at GND                                                               ;
+-------+-------+----------+----------------------------------------------------------------------------+


+-------------------------------------------------------------------------------------------------------+
; Port Connectivity Checks: "IOS:IOScomp|SerialReceiver:serialR|ShiftRegister:ShiftRegister0|FFD:UFFD1" ;
+-------+-------+----------+----------------------------------------------------------------------------+
; Port  ; Type  ; Severity ; Details                                                                    ;
+-------+-------+----------+----------------------------------------------------------------------------+
; reset ; Input ; Info     ; Stuck at GND                                                               ;
+-------+-------+----------+----------------------------------------------------------------------------+


+-------------------------------------------------------------------------------------------------------+
; Port Connectivity Checks: "IOS:IOScomp|SerialReceiver:serialR|ShiftRegister:ShiftRegister0|FFD:UFFD0" ;
+-------+-------+----------+----------------------------------------------------------------------------+
; Port  ; Type  ; Severity ; Details                                                                    ;
+-------+-------+----------+----------------------------------------------------------------------------+
; reset ; Input ; Info     ; Stuck at GND                                                               ;
+-------+-------+----------+----------------------------------------------------------------------------+


+---------------------------------------------------------------------------------------------------+
; Port Connectivity Checks: "IOS:IOScomp|SerialReceiver:serialR|ParityCheck:ParityCheck0|FFD:UFFD0" ;
+------+-------+----------+-------------------------------------------------------------------------+
; Port ; Type  ; Severity ; Details                                                                 ;
+------+-------+----------+-------------------------------------------------------------------------+
; en   ; Input ; Info     ; Stuck at VCC                                                            ;
+------+-------+----------+-------------------------------------------------------------------------+


+---------------------------------------------------------------------------------+
; Port Connectivity Checks: "IOS:IOScomp|SerialReceiver:serialR|Counter:Counter0" ;
+------+-------+----------+-------------------------------------------------------+
; Port ; Type  ; Severity ; Details                                               ;
+------+-------+----------+-------------------------------------------------------+
; ce   ; Input ; Info     ; Stuck at VCC                                          ;
+------+-------+----------+-------------------------------------------------------+


+----------------------------------------------------------------------------------------------------------------+
; Port Connectivity Checks: "IOS:IOScomp"                                                                        ;
+------+--------+----------+-------------------------------------------------------------------------------------+
; Port ; Type   ; Severity ; Details                                                                             ;
+------+--------+----------+-------------------------------------------------------------------------------------+
; wrl  ; Output ; Info     ; Connected to dangling logic. Logic that only feeds a dangling port will be removed. ;
+------+--------+----------+-------------------------------------------------------------------------------------+


+----------------------------------------------------------------------------------------------------------------------------+
; Port Connectivity Checks: "UsbPort:USBconn"                                                                                ;
+------------------+--------+----------+-------------------------------------------------------------------------------------+
; Port             ; Type   ; Severity ; Details                                                                             ;
+------------------+--------+----------+-------------------------------------------------------------------------------------+
; inputport[6..0]  ; Input  ; Info     ; Stuck at GND                                                                        ;
; outputport[7..3] ; Output ; Info     ; Connected to dangling logic. Logic that only feeds a dangling port will be removed. ;
+------------------+--------+----------+-------------------------------------------------------------------------------------+


+-------------------------------------------------------------------------------------------------------------------------------------------------------------+
; Virtual JTAG Settings                                                                                                                                       ;
+----------------+------------+------------------+----------+---------+-----------------+-------------------------+-------------------------------------------+
; Instance Index ; Auto Index ; Index Reassigned ; IR Width ; Address ; USER1 DR length ; VIR capture instruction ; Hierarchy Location                        ;
+----------------+------------+------------------+----------+---------+-----------------+-------------------------+-------------------------------------------+
; 0              ; YES        ; N/A              ; 8        ; 0x100   ; 9               ; 0x00B                   ; UsbPort:USBconn|sld_virtual_jtag:b2v_inst ;
+----------------+------------+------------------+----------+---------+-----------------+-------------------------+-------------------------------------------+


+-----------------------------------------------------+
; Post-Synthesis Netlist Statistics for Top Partition ;
+-----------------------+-----------------------------+
; Type                  ; Count                       ;
+-----------------------+-----------------------------+
; boundary_port         ; 54                          ;
; cycloneiii_ff         ; 20                          ;
;     CLR               ; 15                          ;
;     ENA               ; 5                           ;
; cycloneiii_lcell_comb ; 41                          ;
;     normal            ; 41                          ;
;         0 data inputs ; 2                           ;
;         1 data inputs ; 1                           ;
;         2 data inputs ; 11                          ;
;         3 data inputs ; 10                          ;
;         4 data inputs ; 17                          ;
;                       ;                             ;
; Max LUT depth         ; 3.00                        ;
; Average LUT depth     ; 1.80                        ;
+-----------------------+-----------------------------+


+-------------------------------+
; Elapsed Time Per Partition    ;
+----------------+--------------+
; Partition Name ; Elapsed Time ;
+----------------+--------------+
; Top            ; 00:00:01     ;
+----------------+--------------+


+-------------------------------+
; Analysis & Synthesis Messages ;
+-------------------------------+
Info: *******************************************************************
Info: Running Quartus Prime Analysis & Synthesis
    Info: Version 20.1.1 Build 720 11/11/2020 Patches 1.02i SJ Lite Edition
    Info: Processing started: Wed May 04 17:44:38 2022
Info: Command: quartus_map --read_settings_files=on --write_settings_files=off ProjetoFinal -c ProjetoFinal
Warning (18236): Number of processors has not been specified which may cause overloading on shared machines.  Set the global assignment NUM_PARALLEL_PROCESSORS in your QSF to an appropriate value for best performance.
Info (20030): Parallel compilation is enabled and will use 16 of the 16 processors detected
Info (12021): Found 2 design units, including 1 entities, in source file ffd.vhd
    Info (12022): Found design unit 1: FFD-Behavioral File: C:/Users/ruiac/Desktop/ISEL/LIC/Projeto/FFD.vhd Line: 13
    Info (12023): Found entity 1: FFD File: C:/Users/ruiac/Desktop/ISEL/LIC/Projeto/FFD.vhd Line: 5
Info (12021): Found 2 design units, including 1 entities, in source file shiftregister.vhd
    Info (12022): Found design unit 1: ShiftRegister-ShiftRegister_logic File: C:/Users/ruiac/Desktop/ISEL/LIC/Projeto/ShiftRegister.vhd Line: 13
    Info (12023): Found entity 1: ShiftRegister File: C:/Users/ruiac/Desktop/ISEL/LIC/Projeto/ShiftRegister.vhd Line: 5
Info (12021): Found 2 design units, including 1 entities, in source file counter.vhd
    Info (12022): Found design unit 1: Counter-Counter_LOGIC File: C:/Users/ruiac/Desktop/ISEL/LIC/Projeto/Counter.vhd Line: 13
    Info (12023): Found entity 1: Counter File: C:/Users/ruiac/Desktop/ISEL/LIC/Projeto/Counter.vhd Line: 5
Info (12021): Found 2 design units, including 1 entities, in source file serialcontrol.vhd
    Info (12022): Found design unit 1: SerialControl-behavioral File: C:/Users/ruiac/Desktop/ISEL/LIC/Projeto/SerialControl.vhd Line: 14
    Info (12023): Found entity 1: SerialControl File: C:/Users/ruiac/Desktop/ISEL/LIC/Projeto/SerialControl.vhd Line: 5
Info (12021): Found 2 design units, including 1 entities, in source file paritycheck.vhd
    Info (12022): Found design unit 1: ParityCheck-Behavioral File: C:/Users/ruiac/Desktop/ISEL/LIC/Projeto/ParityCheck.vhd Line: 12
    Info (12023): Found entity 1: ParityCheck File: C:/Users/ruiac/Desktop/ISEL/LIC/Projeto/ParityCheck.vhd Line: 5
Info (12021): Found 2 design units, including 1 entities, in source file serialreceiver.vhd
    Info (12022): Found design unit 1: SerialReceiver-Behavioral File: C:/Users/ruiac/Desktop/ISEL/LIC/Projeto/SerialReceiver.vhd Line: 15
    Info (12023): Found entity 1: SerialReceiver File: C:/Users/ruiac/Desktop/ISEL/LIC/Projeto/SerialReceiver.vhd Line: 5
Info (12021): Found 2 design units, including 1 entities, in source file dispatcher.vhd
    Info (12022): Found design unit 1: Dispatcher-behavioral File: C:/Users/ruiac/Desktop/ISEL/LIC/Projeto/Dispatcher.vhd Line: 19
    Info (12023): Found entity 1: Dispatcher File: C:/Users/ruiac/Desktop/ISEL/LIC/Projeto/Dispatcher.vhd Line: 5
Info (12021): Found 2 design units, including 1 entities, in source file ticketdispenser.vhd
    Info (12022): Found design unit 1: TicketDispenser-behavioral File: C:/Users/ruiac/Desktop/ISEL/LIC/Projeto/TicketDispenser.vhd Line: 22
    Info (12023): Found entity 1: TicketDispenser File: C:/Users/ruiac/Desktop/ISEL/LIC/Projeto/TicketDispenser.vhd Line: 11
Info (12021): Found 2 design units, including 1 entities, in source file lcd.vhd
    Info (12022): Found design unit 1: LCD-behavioral File: C:/Users/ruiac/Desktop/ISEL/LIC/Projeto/LCD.vhd Line: 12
    Info (12023): Found entity 1: LCD File: C:/Users/ruiac/Desktop/ISEL/LIC/Projeto/LCD.vhd Line: 5
Info (12021): Found 2 design units, including 1 entities, in source file usbport.vhd
    Info (12022): Found design unit 1: UsbPort-bdf_type File: C:/Users/ruiac/Desktop/ISEL/LIC/Projeto/UsbPort.vhd Line: 33
    Info (12023): Found entity 1: UsbPort File: C:/Users/ruiac/Desktop/ISEL/LIC/Projeto/UsbPort.vhd Line: 25
Info (12021): Found 2 design units, including 1 entities, in source file ios.vhd
    Info (12022): Found design unit 1: IOS-behavioral File: C:/Users/ruiac/Desktop/ISEL/LIC/Projeto/IOS.vhd Line: 13
    Info (12023): Found entity 1: IOS File: C:/Users/ruiac/Desktop/ISEL/LIC/Projeto/IOS.vhd Line: 5
Info (12021): Found 2 design units, including 1 entities, in source file vendingmachine.vhd
    Info (12022): Found design unit 1: VendingMachine-behavioral File: C:/Users/ruiac/Desktop/ISEL/LIC/Projeto/VendingMachine.vhd Line: 13
    Info (12023): Found entity 1: VendingMachine File: C:/Users/ruiac/Desktop/ISEL/LIC/Projeto/VendingMachine.vhd Line: 5
Info (12021): Found 2 design units, including 1 entities, in source file decoderhex.vhd
    Info (12022): Found design unit 1: decoderHex-logicFuntion File: C:/Users/ruiac/Desktop/ISEL/LIC/Projeto/decoderHex.vhd Line: 10
    Info (12023): Found entity 1: decoderHex File: C:/Users/ruiac/Desktop/ISEL/LIC/Projeto/decoderHex.vhd Line: 4
Info (12021): Found 2 design units, including 1 entities, in source file int7seg.vhd
    Info (12022): Found design unit 1: int7seg-logicFunction File: C:/Users/ruiac/Desktop/ISEL/LIC/Projeto/int7seg.vhd Line: 10
    Info (12023): Found entity 1: int7seg File: C:/Users/ruiac/Desktop/ISEL/LIC/Projeto/int7seg.vhd Line: 4
Info (12127): Elaborating entity "VendingMachine" for the top level hierarchy
Warning (10541): VHDL Signal Declaration warning at VendingMachine.vhd(8): used implicit default value for signal "busy" because signal was never assigned a value or an explicit default value. Use of implicit default value may introduce unintended design optimizations. File: C:/Users/ruiac/Desktop/ISEL/LIC/Projeto/VendingMachine.vhd Line: 8
Warning (10541): VHDL Signal Declaration warning at VendingMachine.vhd(8): used implicit default value for signal "Fn" because signal was never assigned a value or an explicit default value. Use of implicit default value may introduce unintended design optimizations. File: C:/Users/ruiac/Desktop/ISEL/LIC/Projeto/VendingMachine.vhd Line: 8
Warning (10036): Verilog HDL or VHDL warning at VendingMachine.vhd(44): object "sWrL" assigned a value but never read File: C:/Users/ruiac/Desktop/ISEL/LIC/Projeto/VendingMachine.vhd Line: 44
Warning (10873): Using initial value X (don't care) for net "sUsbInput[6..0]" at VendingMachine.vhd(43) File: C:/Users/ruiac/Desktop/ISEL/LIC/Projeto/VendingMachine.vhd Line: 43
Info (12128): Elaborating entity "UsbPort" for hierarchy "UsbPort:USBconn" File: C:/Users/ruiac/Desktop/ISEL/LIC/Projeto/VendingMachine.vhd Line: 49
Info (12128): Elaborating entity "sld_virtual_jtag" for hierarchy "UsbPort:USBconn|sld_virtual_jtag:b2v_inst" File: C:/Users/ruiac/Desktop/ISEL/LIC/Projeto/UsbPort.vhd Line: 80
Info (12130): Elaborated megafunction instantiation "UsbPort:USBconn|sld_virtual_jtag:b2v_inst" File: C:/Users/ruiac/Desktop/ISEL/LIC/Projeto/UsbPort.vhd Line: 80
Info (12133): Instantiated megafunction "UsbPort:USBconn|sld_virtual_jtag:b2v_inst" with the following parameter: File: C:/Users/ruiac/Desktop/ISEL/LIC/Projeto/UsbPort.vhd Line: 80
    Info (12134): Parameter "lpm_type" = "sld_virtual_jtag"
    Info (12134): Parameter "sld_auto_instance_index" = "YES"
    Info (12134): Parameter "sld_instance_index" = "0"
    Info (12134): Parameter "sld_ir_width" = "8"
    Info (12134): Parameter "sld_sim_action" = "UNUSED"
    Info (12134): Parameter "sld_sim_n_scan" = "0"
    Info (12134): Parameter "sld_sim_total_length" = "0"
Info (12128): Elaborating entity "sld_virtual_jtag_basic" for hierarchy "UsbPort:USBconn|sld_virtual_jtag:b2v_inst|sld_virtual_jtag_basic:sld_virtual_jtag_basic_inst" File: c:/intelfpga_lite/20.1/quartus/libraries/megafunctions/sld_virtual_jtag.v Line: 152
Info (12131): Elaborated megafunction instantiation "UsbPort:USBconn|sld_virtual_jtag:b2v_inst|sld_virtual_jtag_basic:sld_virtual_jtag_basic_inst", which is child of megafunction instantiation "UsbPort:USBconn|sld_virtual_jtag:b2v_inst" File: c:/intelfpga_lite/20.1/quartus/libraries/megafunctions/sld_virtual_jtag.v Line: 152
Info (12128): Elaborating entity "sld_virtual_jtag_impl" for hierarchy "UsbPort:USBconn|sld_virtual_jtag:b2v_inst|sld_virtual_jtag_basic:sld_virtual_jtag_basic_inst|sld_virtual_jtag_impl:sld_virtual_jtag_impl_inst" File: c:/intelfpga_lite/20.1/quartus/libraries/megafunctions/sld_virtual_jtag_basic.v Line: 152
Info (12131): Elaborated megafunction instantiation "UsbPort:USBconn|sld_virtual_jtag:b2v_inst|sld_virtual_jtag_basic:sld_virtual_jtag_basic_inst|sld_virtual_jtag_impl:sld_virtual_jtag_impl_inst", which is child of megafunction instantiation "UsbPort:USBconn|sld_virtual_jtag:b2v_inst" File: c:/intelfpga_lite/20.1/quartus/libraries/megafunctions/sld_virtual_jtag_basic.v Line: 152
Info (12128): Elaborating entity "sld_jtag_endpoint_adapter" for hierarchy "UsbPort:USBconn|sld_virtual_jtag:b2v_inst|sld_virtual_jtag_basic:sld_virtual_jtag_basic_inst|sld_virtual_jtag_impl:sld_virtual_jtag_impl_inst|sld_jtag_endpoint_adapter:jtag_signal_adapter" File: c:/intelfpga_lite/20.1/quartus/libraries/megafunctions/sld_virtual_jtag_basic.v Line: 415
Info (12128): Elaborating entity "sld_jtag_endpoint_adapter_impl" for hierarchy "UsbPort:USBconn|sld_virtual_jtag:b2v_inst|sld_virtual_jtag_basic:sld_virtual_jtag_basic_inst|sld_virtual_jtag_impl:sld_virtual_jtag_impl_inst|sld_jtag_endpoint_adapter:jtag_signal_adapter|sld_jtag_endpoint_adapter_impl:sld_jtag_endpoint_adapter_impl_inst" File: c:/intelfpga_lite/20.1/quartus/libraries/megafunctions/sld_jtag_endpoint_adapter.vhd Line: 232
Info (12128): Elaborating entity "IOS" for hierarchy "IOS:IOScomp" File: C:/Users/ruiac/Desktop/ISEL/LIC/Projeto/VendingMachine.vhd Line: 54
Info (12128): Elaborating entity "SerialReceiver" for hierarchy "IOS:IOScomp|SerialReceiver:serialR" File: C:/Users/ruiac/Desktop/ISEL/LIC/Projeto/IOS.vhd Line: 46
Info (12128): Elaborating entity "SerialControl" for hierarchy "IOS:IOScomp|SerialReceiver:serialR|SerialControl:serialC" File: C:/Users/ruiac/Desktop/ISEL/LIC/Projeto/SerialReceiver.vhd Line: 69
Info (12128): Elaborating entity "Counter" for hierarchy "IOS:IOScomp|SerialReceiver:serialR|Counter:Counter0" File: C:/Users/ruiac/Desktop/ISEL/LIC/Projeto/SerialReceiver.vhd Line: 82
Info (12128): Elaborating entity "FFD" for hierarchy "IOS:IOScomp|SerialReceiver:serialR|Counter:Counter0|FFD:UFFD0" File: C:/Users/ruiac/Desktop/ISEL/LIC/Projeto/Counter.vhd Line: 36
Info (12128): Elaborating entity "ParityCheck" for hierarchy "IOS:IOScomp|SerialReceiver:serialR|ParityCheck:ParityCheck0" File: C:/Users/ruiac/Desktop/ISEL/LIC/Projeto/SerialReceiver.vhd Line: 88
Info (12128): Elaborating entity "ShiftRegister" for hierarchy "IOS:IOScomp|SerialReceiver:serialR|ShiftRegister:ShiftRegister0" File: C:/Users/ruiac/Desktop/ISEL/LIC/Projeto/SerialReceiver.vhd Line: 94
Info (12128): Elaborating entity "Dispatcher" for hierarchy "IOS:IOScomp|Dispatcher:Disp" File: C:/Users/ruiac/Desktop/ISEL/LIC/Projeto/IOS.vhd Line: 56
Info (12128): Elaborating entity "TicketDispenser" for hierarchy "TicketDispenser:Dispenser" File: C:/Users/ruiac/Desktop/ISEL/LIC/Projeto/VendingMachine.vhd Line: 66
Info (12128): Elaborating entity "decoderHex" for hierarchy "TicketDispenser:Dispenser|decoderHex:decoder" File: C:/Users/ruiac/Desktop/ISEL/LIC/Projeto/TicketDispenser.vhd Line: 45
Info (12128): Elaborating entity "int7seg" for hierarchy "TicketDispenser:Dispenser|decoderHex:decoder|int7seg:U0" File: C:/Users/ruiac/Desktop/ISEL/LIC/Projeto/decoderHex.vhd Line: 26
Info (11170): Starting IP generation for the debug fabric: alt_sld_fab.
Info (11172): 2022.05.04.17:45:03 Progress: Loading sld632c1620/alt_sld_fab_wrapper_hw.tcl
Info (11172): Alt_sld_fab.alt_sld_fab: SLD fabric agents which did not specify prefer_host were connected to JTAG
Info (11172): Alt_sld_fab: Generating alt_sld_fab "alt_sld_fab" for QUARTUS_SYNTH
Info (11172): Alt_sld_fab: "alt_sld_fab" instantiated alt_sld_fab "alt_sld_fab"
Info (11172): Presplit: "alt_sld_fab" instantiated altera_super_splitter "presplit"
Info (11172): Splitter: "alt_sld_fab" instantiated altera_sld_splitter "splitter"
Info (11172): Sldfabric: "alt_sld_fab" instantiated altera_sld_jtag_hub "sldfabric"
Info (11172): Ident: "alt_sld_fab" instantiated altera_connection_identification_hub "ident"
Info (11172): Alt_sld_fab: Done "alt_sld_fab" with 6 modules, 6 files
Info (11171): Finished IP generation for the debug fabric: alt_sld_fab.
Info (12021): Found 1 design units, including 1 entities, in source file db/ip/sld632c1620/alt_sld_fab.v
    Info (12023): Found entity 1: alt_sld_fab File: C:/Users/ruiac/Desktop/ISEL/LIC/Projeto/db/ip/sld632c1620/alt_sld_fab.v Line: 9
Info (12021): Found 1 design units, including 1 entities, in source file db/ip/sld632c1620/submodules/alt_sld_fab_alt_sld_fab.v
    Info (12023): Found entity 1: alt_sld_fab_alt_sld_fab File: C:/Users/ruiac/Desktop/ISEL/LIC/Projeto/db/ip/sld632c1620/submodules/alt_sld_fab_alt_sld_fab.v Line: 9
Info (12021): Found 1 design units, including 1 entities, in source file db/ip/sld632c1620/submodules/alt_sld_fab_alt_sld_fab_ident.sv
    Info (12023): Found entity 1: alt_sld_fab_alt_sld_fab_ident File: C:/Users/ruiac/Desktop/ISEL/LIC/Projeto/db/ip/sld632c1620/submodules/alt_sld_fab_alt_sld_fab_ident.sv Line: 33
Info (12021): Found 1 design units, including 1 entities, in source file db/ip/sld632c1620/submodules/alt_sld_fab_alt_sld_fab_presplit.sv
    Info (12023): Found entity 1: alt_sld_fab_alt_sld_fab_presplit File: C:/Users/ruiac/Desktop/ISEL/LIC/Projeto/db/ip/sld632c1620/submodules/alt_sld_fab_alt_sld_fab_presplit.sv Line: 3
Info (12021): Found 2 design units, including 1 entities, in source file db/ip/sld632c1620/submodules/alt_sld_fab_alt_sld_fab_sldfabric.vhd
    Info (12022): Found design unit 1: alt_sld_fab_alt_sld_fab_sldfabric-rtl File: C:/Users/ruiac/Desktop/ISEL/LIC/Projeto/db/ip/sld632c1620/submodules/alt_sld_fab_alt_sld_fab_sldfabric.vhd Line: 102
    Info (12023): Found entity 1: alt_sld_fab_alt_sld_fab_sldfabric File: C:/Users/ruiac/Desktop/ISEL/LIC/Projeto/db/ip/sld632c1620/submodules/alt_sld_fab_alt_sld_fab_sldfabric.vhd Line: 11
Info (12021): Found 1 design units, including 1 entities, in source file db/ip/sld632c1620/submodules/alt_sld_fab_alt_sld_fab_splitter.sv
    Info (12023): Found entity 1: alt_sld_fab_alt_sld_fab_splitter File: C:/Users/ruiac/Desktop/ISEL/LIC/Projeto/db/ip/sld632c1620/submodules/alt_sld_fab_alt_sld_fab_splitter.sv Line: 3
Warning (13024): Output pins are stuck at VCC or GND
    Warning (13410): Pin "busy" is stuck at GND File: C:/Users/ruiac/Desktop/ISEL/LIC/Projeto/VendingMachine.vhd Line: 8
    Warning (13410): Pin "Fn" is stuck at GND File: C:/Users/ruiac/Desktop/ISEL/LIC/Projeto/VendingMachine.vhd Line: 8
    Warning (13410): Pin "HEX0[7]" is stuck at VCC File: C:/Users/ruiac/Desktop/ISEL/LIC/Projeto/VendingMachine.vhd Line: 9
Info (286031): Timing-Driven Synthesis is running on partition "Top"
Info (16010): Generating hard_block partition "hard_block:auto_generated_inst"
    Info (16011): Adding 0 node(s), including 0 DDIO, 0 PLL, 0 transceiver and 0 LCELL
Warning (21074): Design contains 3 input pin(s) that do not drive logic
    Warning (15610): No output dependent on input pin "SCLK" File: C:/Users/ruiac/Desktop/ISEL/LIC/Projeto/VendingMachine.vhd Line: 7
    Warning (15610): No output dependent on input pin "SDX" File: C:/Users/ruiac/Desktop/ISEL/LIC/Projeto/VendingMachine.vhd Line: 7
    Warning (15610): No output dependent on input pin "NOT_SS" File: C:/Users/ruiac/Desktop/ISEL/LIC/Projeto/VendingMachine.vhd Line: 7
Info (21057): Implemented 216 device resources after synthesis - the final resource count might be different
    Info (21058): Implemented 8 input pins
    Info (21059): Implemented 11 output pins
    Info (21061): Implemented 196 logic cells
Info: Quartus Prime Analysis & Synthesis was successful. 0 errors, 13 warnings
    Info: Peak virtual memory: 4876 megabytes
    Info: Processing ended: Wed May 04 17:45:22 2022
    Info: Elapsed time: 00:00:44
    Info: Total CPU time (on all processors): 00:01:15


